This file contains any messages produced by compilers while
running configure, to aid debugging if configure makes a mistake.

It was created by libass configure 0.10.0, which was
generated by GNU Autoconf 2.69.  Invocation command line was

  $ ./configure --prefix=/Users/gaoxiong/Documents/work/android/AndroidFFmpeg2/library-jni/jni/libass/../ffmpeg-build/armeabi-v7a-neon --host=arm-linux --disable-fontconfig --disable-dependency-tracking --disable-shared --enable-static --with-pic --enable-neon

## --------- ##
## Platform. ##
## --------- ##

hostname = Gaos-MacBook-Pro.local
uname -m = x86_64
uname -r = 13.4.0
uname -s = Darwin
uname -v = Darwin Kernel Version 13.4.0: Sun Aug 17 19:50:11 PDT 2014; root:xnu-2422.115.4~1/RELEASE_X86_64

/usr/bin/uname -p = i386
/bin/uname -X     = unknown

/bin/arch              = unknown
/usr/bin/arch -k       = unknown
/usr/convex/getsysinfo = unknown
/usr/bin/hostinfo      = Mach kernel version:
	 Darwin Kernel Version 13.4.0: Sun Aug 17 19:50:11 PDT 2014; root:xnu-2422.115.4~1/RELEASE_X86_64
Kernel configured for up to 4 processors.
2 processors are physically available.
4 processors are logically available.
Processor type: i486 (Intel 80486)
Processors active: 0 1 2 3
Primary memory available: 10.00 gigabytes
Default processor set: 195 tasks, 1042 threads, 4 processors
Load average: 5.06, Mach factor: 0.75
/bin/machine           = unknown
/usr/bin/oslevel       = unknown
/bin/universe          = unknown

PATH: /Users/gaoxiong/bin
PATH: /Users/gaoxiong/Documents/muce-client-1.1.0/bin
PATH: /usr/local/bin
PATH: /usr/bin
PATH: /bin
PATH: /usr/sbin
PATH: /sbin
PATH: /usr/local/bin
PATH: /usr/local/git/bin
PATH: /Users/gaoxiong/Documents/work/android_tools/android-ndk-r9d
PATH: /Users/gaoxiong/Downloads/apache-maven-3.2.1/bin
PATH: /Users/gaoxiong/Documents/work/android_sdk/platform-tools/
PATH: /Users/gaoxiong/Documents/work/android_tools/gradle-1.12/bin
PATH: /Users/gaoxiong/Documents/work/android_tools/android-ndk-r9d
PATH: /Users/gaoxiong/Documents/work/android_tools/android-ndk-r9d/toolchains/arm-linux-androideabi-4.6/prebuilt/darwin-x86_64/bin/
PATH: /Users/gaoxiong/Documents/work/android_tools/android-ndk-r9d/toolchains/arm-linux-androideabi-4.6/prebuilt/darwin-x86_64/bin/
PATH: /Users/gaoxiong/Documents/work/android_tools/android-ndk-r9d/toolchains/arm-linux-androideabi-4.6/prebuilt/darwin-x86_64/bin/
PATH: /Users/gaoxiong/Documents/work/android_tools/android-ndk-r9d/toolchains/arm-linux-androideabi-4.6/prebuilt/darwin-x86_64/bin/
PATH: /Users/gaoxiong/Documents/work/android_tools/android-ndk-r9d/toolchains/arm-linux-androideabi-4.6/prebuilt/darwin-x86_64/bin/
PATH: /Users/gaoxiong/Documents/work/android_tools/android-ndk-r9d/toolchains/x86-4.6/prebuilt/darwin-x86_64/bin/
PATH: /Users/gaoxiong/Documents/work/android_tools/android-ndk-r9d/toolchains/x86-4.6/prebuilt/darwin-x86_64/bin/
PATH: /Users/gaoxiong/Documents/work/android_tools/android-ndk-r9d/toolchains/x86-4.6/prebuilt/darwin-x86_64/bin/
PATH: /Users/gaoxiong/Documents/work/android_tools/android-ndk-r9d/toolchains/x86-4.6/prebuilt/darwin-x86_64/bin/
PATH: /Users/gaoxiong/Documents/work/android_tools/android-ndk-r9d/toolchains/x86-4.6/prebuilt/darwin-x86_64/bin/
PATH: /Users/gaoxiong/Documents/work/android_tools/android-ndk-r9d/toolchains/mipsel-linux-android-4.6/prebuilt/darwin-x86_64/bin/
PATH: /Users/gaoxiong/Documents/work/android_tools/android-ndk-r9d/toolchains/mipsel-linux-android-4.6/prebuilt/darwin-x86_64/bin/
PATH: /Users/gaoxiong/Documents/work/android_tools/android-ndk-r9d/toolchains/mipsel-linux-android-4.6/prebuilt/darwin-x86_64/bin/
PATH: /Users/gaoxiong/Documents/work/android_tools/android-ndk-r9d/toolchains/mipsel-linux-android-4.6/prebuilt/darwin-x86_64/bin/
PATH: /Users/gaoxiong/Documents/work/android_tools/android-ndk-r9d/toolchains/mipsel-linux-android-4.6/prebuilt/darwin-x86_64/bin/
PATH: /Users/gaoxiong/Documents/work/android_tools/android-ndk-r9d/toolchains/arm-linux-androideabi-4.6/prebuilt/darwin-x86_64/bin/
PATH: /Users/gaoxiong/Documents/work/android_tools/android-ndk-r9d/toolchains/arm-linux-androideabi-4.6/prebuilt/darwin-x86_64/bin/
PATH: /Users/gaoxiong/Documents/work/android_tools/android-ndk-r9d/toolchains/arm-linux-androideabi-4.6/prebuilt/darwin-x86_64/bin/
PATH: /Users/gaoxiong/Documents/work/android_tools/android-ndk-r9d/toolchains/arm-linux-androideabi-4.6/prebuilt/darwin-x86_64/bin/
PATH: /Users/gaoxiong/Documents/work/android_tools/android-ndk-r9d/toolchains/arm-linux-androideabi-4.6/prebuilt/darwin-x86_64/bin/
PATH: /Users/gaoxiong/Documents/work/android_tools/android-ndk-r9d/toolchains/arm-linux-androideabi-4.6/prebuilt/darwin-x86_64/bin/
PATH: /Users/gaoxiong/Documents/work/android_tools/android-ndk-r9d/toolchains/arm-linux-androideabi-4.6/prebuilt/darwin-x86_64/bin/
PATH: /Users/gaoxiong/Documents/work/android_tools/android-ndk-r9d/toolchains/arm-linux-androideabi-4.6/prebuilt/darwin-x86_64/bin/
PATH: /Users/gaoxiong/Documents/work/android_tools/android-ndk-r9d/toolchains/arm-linux-androideabi-4.6/prebuilt/darwin-x86_64/bin/
PATH: /Users/gaoxiong/Documents/work/android_tools/android-ndk-r9d/toolchains/arm-linux-androideabi-4.6/prebuilt/darwin-x86_64/bin/


## ----------- ##
## Core tests. ##
## ----------- ##

configure:2498: checking for a BSD-compatible install
configure:2566: result: /usr/bin/install -c
configure:2577: checking whether build environment is sane
configure:2632: result: yes
configure:2691: checking for arm-linux-strip
configure:2718: result: /Users/gaoxiong/Documents/work/android_tools/android-ndk-r9d/toolchains/arm-linux-androideabi-4.6/prebuilt/darwin-x86_64/bin/arm-linux-androideabi-strip
configure:2783: checking for a thread-safe mkdir -p
configure:2822: result: ./install-sh -c -d
configure:2829: checking for gawk
configure:2859: result: no
configure:2829: checking for mawk
configure:2859: result: no
configure:2829: checking for nawk
configure:2859: result: no
configure:2829: checking for awk
configure:2845: found /usr/bin/awk
configure:2856: result: awk
configure:2867: checking whether make sets $(MAKE)
configure:2889: result: yes
configure:2918: checking whether make supports nested variables
configure:2935: result: yes
configure:3093: checking build system type
configure:3107: result: x86_64-apple-darwin13.4.0
configure:3127: checking host system type
configure:3140: result: arm-unknown-linux-gnu
configure:3181: checking how to print strings
configure:3208: result: printf
configure:3241: checking for style of include used by make
configure:3269: result: GNU
configure:3300: checking for arm-linux-gcc
configure:3327: result: /Users/gaoxiong/Documents/work/android_tools/android-ndk-r9d/toolchains/arm-linux-androideabi-4.6/prebuilt/darwin-x86_64/bin/arm-linux-androideabi-gcc --sysroot=/Users/gaoxiong/Documents/work/android_tools/android-ndk-r9d/platforms/android-9/arch-arm/
configure:3596: checking for C compiler version
configure:3605: /Users/gaoxiong/Documents/work/android_tools/android-ndk-r9d/toolchains/arm-linux-androideabi-4.6/prebuilt/darwin-x86_64/bin/arm-linux-androideabi-gcc --sysroot=/Users/gaoxiong/Documents/work/android_tools/android-ndk-r9d/platforms/android-9/arch-arm/ --version >&5
arm-linux-androideabi-gcc (GCC) 4.6 20120106 (prerelease)
Copyright (C) 2011 Free Software Foundation, Inc.
This is free software; see the source for copying conditions.  There is NO
warranty; not even for MERCHANTABILITY or FITNESS FOR A PARTICULAR PURPOSE.

configure:3616: $? = 0
configure:3605: /Users/gaoxiong/Documents/work/android_tools/android-ndk-r9d/toolchains/arm-linux-androideabi-4.6/prebuilt/darwin-x86_64/bin/arm-linux-androideabi-gcc --sysroot=/Users/gaoxiong/Documents/work/android_tools/android-ndk-r9d/platforms/android-9/arch-arm/ -v >&5
Using built-in specs.
COLLECT_GCC=/Users/gaoxiong/Documents/work/android_tools/android-ndk-r9d/toolchains/arm-linux-androideabi-4.6/prebuilt/darwin-x86_64/bin/arm-linux-androideabi-gcc
COLLECT_LTO_WRAPPER=/Users/gaoxiong/Documents/work/android_tools/android-ndk-r9d/toolchains/arm-linux-androideabi-4.6/prebuilt/darwin-x86_64/bin/../libexec/gcc/arm-linux-androideabi/4.6/lto-wrapper
Target: arm-linux-androideabi
Configured with: /s/ndk-toolchain/src/build/../gcc/gcc-4.6/configure --prefix=/tmp/ndk-User/build/toolchain/prefix --target=arm-linux-androideabi --host=x86_64-apple-darwin --build=x86_64-apple-darwin --with-gnu-as --with-gnu-ld --enable-languages=c,c++ --with-gmp=/tmp/ndk-User/build/toolchain/temp-install --with-mpfr=/tmp/ndk-User/build/toolchain/temp-install --with-mpc=/tmp/ndk-User/build/toolchain/temp-install --with-cloog=/tmp/ndk-User/build/toolchain/temp-install --with-isl=/tmp/ndk-User/build/toolchain/temp-install --with-ppl=/tmp/ndk-User/build/toolchain/temp-install --disable-ppl-version-check --disable-cloog-version-check --disable-isl-version-check --enable-cloog-backend=isl --with-host-libstdcxx='-static-libgcc -lstdc++ -lm' --disable-libssp --enable-threads --disable-nls --disable-libmudflap --disable-libgomp --disable-libstdc__-v3 --disable-sjlj-exceptions --disable-shared --disable-tls --disable-libitm --with-float=soft --with-fpu=vfp --with-arch=armv5te --enable-target-optspace --enable-initfini-array --disable-nls --prefix=/tmp/ndk-User/build/toolchain/prefix --with-sysroot=/tmp/ndk-User/build/toolchain/prefix/sysroot --with-binutils-version=2.21 --with-mpfr-version=3.1.1 --with-mpc-version=1.0.1 --with-gmp-version=5.0.5 --with-gcc-version=4.6 --with-gdb-version=7.3.x --with-python=/Users/User/mydroid/ndk/prebuilt/darwin-x86_64/bin/python-config.sh --with-gxx-include-dir=/tmp/ndk-User/build/toolchain/prefix/include/c++/4.6 --with-bugurl=http://source.android.com/source/report-bugs.html --disable-bootstrap --disable-libquadmath --enable-plugins --enable-libgomp --disable-libsanitizer --enable-gold --enable-graphite=yes --with-cloog-version=0.18.0 --with-ppl-version=1.0 --enable-eh-frame-hdr-for-static --with-arch=armv5te --program-transform-name='s&^&arm-linux-androideabi-&' --enable-gold=default
Thread model: posix
gcc version 4.6 20120106 (prerelease) (GCC) 
configure:3616: $? = 0
configure:3605: /Users/gaoxiong/Documents/work/android_tools/android-ndk-r9d/toolchains/arm-linux-androideabi-4.6/prebuilt/darwin-x86_64/bin/arm-linux-androideabi-gcc --sysroot=/Users/gaoxiong/Documents/work/android_tools/android-ndk-r9d/platforms/android-9/arch-arm/ -V >&5
arm-linux-androideabi-gcc: error: unrecognized option '-V'
arm-linux-androideabi-gcc: fatal error: no input files
compilation terminated.
configure:3616: $? = 1
configure:3605: /Users/gaoxiong/Documents/work/android_tools/android-ndk-r9d/toolchains/arm-linux-androideabi-4.6/prebuilt/darwin-x86_64/bin/arm-linux-androideabi-gcc --sysroot=/Users/gaoxiong/Documents/work/android_tools/android-ndk-r9d/platforms/android-9/arch-arm/ -qversion >&5
arm-linux-androideabi-gcc: error: unrecognized option '-qversion'
arm-linux-androideabi-gcc: fatal error: no input files
compilation terminated.
configure:3616: $? = 1
configure:3636: checking whether the C compiler works
configure:3658: /Users/gaoxiong/Documents/work/android_tools/android-ndk-r9d/toolchains/arm-linux-androideabi-4.6/prebuilt/darwin-x86_64/bin/arm-linux-androideabi-gcc --sysroot=/Users/gaoxiong/Documents/work/android_tools/android-ndk-r9d/platforms/android-9/arch-arm/ -mfloat-abi=softfp -mfpu=neon -marm -march=armv7-a -mtune=cortex-a8 -mthumb -D__thumb__  -mfloat-abi=softfp -mfpu=neon -marm -march=armv7-a -mtune=cortex-a8 -mthumb -D__thumb__  -Wl,-rpath-link=/Users/gaoxiong/Documents/work/android_tools/android-ndk-r9d/platforms/android-9/arch-arm//usr/lib -L/Users/gaoxiong/Documents/work/android_tools/android-ndk-r9d/platforms/android-9/arch-arm//usr/lib  -nostdlib -lc -lm -ldl -llog conftest.c  >&5
configure:3662: $? = 0
configure:3710: result: yes
configure:3713: checking for C compiler default output file name
configure:3715: result: a.out
configure:3721: checking for suffix of executables
configure:3728: /Users/gaoxiong/Documents/work/android_tools/android-ndk-r9d/toolchains/arm-linux-androideabi-4.6/prebuilt/darwin-x86_64/bin/arm-linux-androideabi-gcc --sysroot=/Users/gaoxiong/Documents/work/android_tools/android-ndk-r9d/platforms/android-9/arch-arm/ -o conftest -mfloat-abi=softfp -mfpu=neon -marm -march=armv7-a -mtune=cortex-a8 -mthumb -D__thumb__  -mfloat-abi=softfp -mfpu=neon -marm -march=armv7-a -mtune=cortex-a8 -mthumb -D__thumb__  -Wl,-rpath-link=/Users/gaoxiong/Documents/work/android_tools/android-ndk-r9d/platforms/android-9/arch-arm//usr/lib -L/Users/gaoxiong/Documents/work/android_tools/android-ndk-r9d/platforms/android-9/arch-arm//usr/lib  -nostdlib -lc -lm -ldl -llog conftest.c  >&5
configure:3732: $? = 0
configure:3754: result: 
configure:3776: checking whether we are cross compiling
configure:3784: /Users/gaoxiong/Documents/work/android_tools/android-ndk-r9d/toolchains/arm-linux-androideabi-4.6/prebuilt/darwin-x86_64/bin/arm-linux-androideabi-gcc --sysroot=/Users/gaoxiong/Documents/work/android_tools/android-ndk-r9d/platforms/android-9/arch-arm/ -o conftest -mfloat-abi=softfp -mfpu=neon -marm -march=armv7-a -mtune=cortex-a8 -mthumb -D__thumb__  -mfloat-abi=softfp -mfpu=neon -marm -march=armv7-a -mtune=cortex-a8 -mthumb -D__thumb__  -Wl,-rpath-link=/Users/gaoxiong/Documents/work/android_tools/android-ndk-r9d/platforms/android-9/arch-arm//usr/lib -L/Users/gaoxiong/Documents/work/android_tools/android-ndk-r9d/platforms/android-9/arch-arm//usr/lib  -nostdlib -lc -lm -ldl -llog conftest.c  >&5
configure:3788: $? = 0
configure:3795: ./conftest
./configure: line 3797: ./conftest: cannot execute binary file
configure:3799: $? = 126
configure:3814: result: yes
configure:3819: checking for suffix of object files
configure:3841: /Users/gaoxiong/Documents/work/android_tools/android-ndk-r9d/toolchains/arm-linux-androideabi-4.6/prebuilt/darwin-x86_64/bin/arm-linux-androideabi-gcc --sysroot=/Users/gaoxiong/Documents/work/android_tools/android-ndk-r9d/platforms/android-9/arch-arm/ -c -mfloat-abi=softfp -mfpu=neon -marm -march=armv7-a -mtune=cortex-a8 -mthumb -D__thumb__  -mfloat-abi=softfp -mfpu=neon -marm -march=armv7-a -mtune=cortex-a8 -mthumb -D__thumb__  conftest.c >&5
configure:3845: $? = 0
configure:3866: result: o
configure:3870: checking whether we are using the GNU C compiler
configure:3889: /Users/gaoxiong/Documents/work/android_tools/android-ndk-r9d/toolchains/arm-linux-androideabi-4.6/prebuilt/darwin-x86_64/bin/arm-linux-androideabi-gcc --sysroot=/Users/gaoxiong/Documents/work/android_tools/android-ndk-r9d/platforms/android-9/arch-arm/ -c -mfloat-abi=softfp -mfpu=neon -marm -march=armv7-a -mtune=cortex-a8 -mthumb -D__thumb__  -mfloat-abi=softfp -mfpu=neon -marm -march=armv7-a -mtune=cortex-a8 -mthumb -D__thumb__  conftest.c >&5
configure:3889: $? = 0
configure:3898: result: yes
configure:3907: checking whether /Users/gaoxiong/Documents/work/android_tools/android-ndk-r9d/toolchains/arm-linux-androideabi-4.6/prebuilt/darwin-x86_64/bin/arm-linux-androideabi-gcc --sysroot=/Users/gaoxiong/Documents/work/android_tools/android-ndk-r9d/platforms/android-9/arch-arm/ accepts -g
configure:3927: /Users/gaoxiong/Documents/work/android_tools/android-ndk-r9d/toolchains/arm-linux-androideabi-4.6/prebuilt/darwin-x86_64/bin/arm-linux-androideabi-gcc --sysroot=/Users/gaoxiong/Documents/work/android_tools/android-ndk-r9d/platforms/android-9/arch-arm/ -c -g -mfloat-abi=softfp -mfpu=neon -marm -march=armv7-a -mtune=cortex-a8 -mthumb -D__thumb__  conftest.c >&5
configure:3927: $? = 0
configure:3968: result: yes
configure:3985: checking for /Users/gaoxiong/Documents/work/android_tools/android-ndk-r9d/toolchains/arm-linux-androideabi-4.6/prebuilt/darwin-x86_64/bin/arm-linux-androideabi-gcc --sysroot=/Users/gaoxiong/Documents/work/android_tools/android-ndk-r9d/platforms/android-9/arch-arm/ option to accept ISO C89
configure:4048: /Users/gaoxiong/Documents/work/android_tools/android-ndk-r9d/toolchains/arm-linux-androideabi-4.6/prebuilt/darwin-x86_64/bin/arm-linux-androideabi-gcc --sysroot=/Users/gaoxiong/Documents/work/android_tools/android-ndk-r9d/platforms/android-9/arch-arm/  -c -mfloat-abi=softfp -mfpu=neon -marm -march=armv7-a -mtune=cortex-a8 -mthumb -D__thumb__  -mfloat-abi=softfp -mfpu=neon -marm -march=armv7-a -mtune=cortex-a8 -mthumb -D__thumb__  conftest.c >&5
configure:4048: $? = 0
configure:4061: result: none needed
configure:4086: checking whether /Users/gaoxiong/Documents/work/android_tools/android-ndk-r9d/toolchains/arm-linux-androideabi-4.6/prebuilt/darwin-x86_64/bin/arm-linux-androideabi-gcc --sysroot=/Users/gaoxiong/Documents/work/android_tools/android-ndk-r9d/platforms/android-9/arch-arm/ understands -c and -o together
configure:4108: /Users/gaoxiong/Documents/work/android_tools/android-ndk-r9d/toolchains/arm-linux-androideabi-4.6/prebuilt/darwin-x86_64/bin/arm-linux-androideabi-gcc --sysroot=/Users/gaoxiong/Documents/work/android_tools/android-ndk-r9d/platforms/android-9/arch-arm/ -c conftest.c -o conftest2.o
configure:4111: $? = 0
configure:4108: /Users/gaoxiong/Documents/work/android_tools/android-ndk-r9d/toolchains/arm-linux-androideabi-4.6/prebuilt/darwin-x86_64/bin/arm-linux-androideabi-gcc --sysroot=/Users/gaoxiong/Documents/work/android_tools/android-ndk-r9d/platforms/android-9/arch-arm/ -c conftest.c -o conftest2.o
configure:4111: $? = 0
configure:4123: result: yes
configure:4142: checking dependency style of /Users/gaoxiong/Documents/work/android_tools/android-ndk-r9d/toolchains/arm-linux-androideabi-4.6/prebuilt/darwin-x86_64/bin/arm-linux-androideabi-gcc --sysroot=/Users/gaoxiong/Documents/work/android_tools/android-ndk-r9d/platforms/android-9/arch-arm/
configure:4253: result: none
configure:4268: checking for a sed that does not truncate output
configure:4332: result: /usr/bin/sed
configure:4350: checking for grep that handles long lines and -e
configure:4408: result: /usr/bin/grep
configure:4413: checking for egrep
configure:4475: result: /usr/bin/grep -E
configure:4480: checking for fgrep
configure:4542: result: /usr/bin/grep -F
configure:4577: checking for ld used by /Users/gaoxiong/Documents/work/android_tools/android-ndk-r9d/toolchains/arm-linux-androideabi-4.6/prebuilt/darwin-x86_64/bin/arm-linux-androideabi-gcc --sysroot=/Users/gaoxiong/Documents/work/android_tools/android-ndk-r9d/platforms/android-9/arch-arm/
configure:4644: result: /Users/gaoxiong/Documents/work/android_tools/android-ndk-r9d/toolchains/arm-linux-androideabi-4.6/prebuilt/darwin-x86_64/arm-linux-androideabi/bin/ld
configure:4651: checking if the linker (/Users/gaoxiong/Documents/work/android_tools/android-ndk-r9d/toolchains/arm-linux-androideabi-4.6/prebuilt/darwin-x86_64/arm-linux-androideabi/bin/ld) is GNU ld
configure:4666: result: yes
configure:4678: checking for BSD- or MS-compatible name lister (nm)
configure:4727: result: /Users/gaoxiong/Documents/work/android_tools/android-ndk-r9d/toolchains/arm-linux-androideabi-4.6/prebuilt/darwin-x86_64/bin/arm-linux-androideabi-nm
configure:4857: checking the name lister (/Users/gaoxiong/Documents/work/android_tools/android-ndk-r9d/toolchains/arm-linux-androideabi-4.6/prebuilt/darwin-x86_64/bin/arm-linux-androideabi-nm) interface
configure:4864: /Users/gaoxiong/Documents/work/android_tools/android-ndk-r9d/toolchains/arm-linux-androideabi-4.6/prebuilt/darwin-x86_64/bin/arm-linux-androideabi-gcc --sysroot=/Users/gaoxiong/Documents/work/android_tools/android-ndk-r9d/platforms/android-9/arch-arm/ -c -mfloat-abi=softfp -mfpu=neon -marm -march=armv7-a -mtune=cortex-a8 -mthumb -D__thumb__  -mfloat-abi=softfp -mfpu=neon -marm -march=armv7-a -mtune=cortex-a8 -mthumb -D__thumb__  conftest.c >&5
configure:4867: /Users/gaoxiong/Documents/work/android_tools/android-ndk-r9d/toolchains/arm-linux-androideabi-4.6/prebuilt/darwin-x86_64/bin/arm-linux-androideabi-nm "conftest.o"
configure:4870: output
00000000 B some_variable
configure:4877: result: BSD nm
configure:4880: checking whether ln -s works
configure:4884: result: yes
configure:4892: checking the maximum length of command line arguments
configure:5022: result: 196608
configure:5039: checking whether the shell understands some XSI constructs
configure:5049: result: yes
configure:5053: checking whether the shell understands "+="
configure:5059: result: yes
configure:5094: checking how to convert x86_64-apple-darwin13.4.0 file names to arm-unknown-linux-gnu format
configure:5134: result: func_convert_file_noop
configure:5141: checking how to convert x86_64-apple-darwin13.4.0 file names to toolchain format
configure:5161: result: func_convert_file_noop
configure:5168: checking for /Users/gaoxiong/Documents/work/android_tools/android-ndk-r9d/toolchains/arm-linux-androideabi-4.6/prebuilt/darwin-x86_64/arm-linux-androideabi/bin/ld option to reload object files
configure:5175: result: -r
configure:5209: checking for arm-linux-objdump
configure:5239: result: no
configure:5249: checking for objdump
configure:5279: result: no
configure:5308: checking how to recognize dependent libraries
configure:5510: result: pass_all
configure:5555: checking for arm-linux-dlltool
configure:5585: result: no
configure:5595: checking for dlltool
configure:5625: result: no
configure:5655: checking how to associate runtime and link libraries
configure:5682: result: printf %s\n
configure:5699: checking for arm-linux-ar
configure:5726: result: /Users/gaoxiong/Documents/work/android_tools/android-ndk-r9d/toolchains/arm-linux-androideabi-4.6/prebuilt/darwin-x86_64/bin/arm-linux-androideabi-ar
configure:5807: checking for archiver @FILE support
configure:5824: /Users/gaoxiong/Documents/work/android_tools/android-ndk-r9d/toolchains/arm-linux-androideabi-4.6/prebuilt/darwin-x86_64/bin/arm-linux-androideabi-gcc --sysroot=/Users/gaoxiong/Documents/work/android_tools/android-ndk-r9d/platforms/android-9/arch-arm/ -c -mfloat-abi=softfp -mfpu=neon -marm -march=armv7-a -mtune=cortex-a8 -mthumb -D__thumb__  -mfloat-abi=softfp -mfpu=neon -marm -march=armv7-a -mtune=cortex-a8 -mthumb -D__thumb__  conftest.c >&5
configure:5824: $? = 0
configure:5827: /Users/gaoxiong/Documents/work/android_tools/android-ndk-r9d/toolchains/arm-linux-androideabi-4.6/prebuilt/darwin-x86_64/bin/arm-linux-androideabi-ar cru libconftest.a @conftest.lst >&5
configure:5830: $? = 0
configure:5835: /Users/gaoxiong/Documents/work/android_tools/android-ndk-r9d/toolchains/arm-linux-androideabi-4.6/prebuilt/darwin-x86_64/bin/arm-linux-androideabi-ar cru libconftest.a @conftest.lst >&5
/Users/gaoxiong/Documents/work/android_tools/android-ndk-r9d/toolchains/arm-linux-androideabi-4.6/prebuilt/darwin-x86_64/bin/arm-linux-androideabi-ar: conftest.o: No such file or directory
configure:5838: $? = 1
configure:5850: result: @
configure:5868: checking for arm-linux-strip
configure:5895: result: /Users/gaoxiong/Documents/work/android_tools/android-ndk-r9d/toolchains/arm-linux-androideabi-4.6/prebuilt/darwin-x86_64/bin/arm-linux-androideabi-strip
configure:5967: checking for arm-linux-ranlib
configure:5994: result: /Users/gaoxiong/Documents/work/android_tools/android-ndk-r9d/toolchains/arm-linux-androideabi-4.6/prebuilt/darwin-x86_64/bin/arm-linux-androideabi-ranlib
configure:6136: checking command to parse /Users/gaoxiong/Documents/work/android_tools/android-ndk-r9d/toolchains/arm-linux-androideabi-4.6/prebuilt/darwin-x86_64/bin/arm-linux-androideabi-nm output from /Users/gaoxiong/Documents/work/android_tools/android-ndk-r9d/toolchains/arm-linux-androideabi-4.6/prebuilt/darwin-x86_64/bin/arm-linux-androideabi-gcc --sysroot=/Users/gaoxiong/Documents/work/android_tools/android-ndk-r9d/platforms/android-9/arch-arm/ object
configure:6256: /Users/gaoxiong/Documents/work/android_tools/android-ndk-r9d/toolchains/arm-linux-androideabi-4.6/prebuilt/darwin-x86_64/bin/arm-linux-androideabi-gcc --sysroot=/Users/gaoxiong/Documents/work/android_tools/android-ndk-r9d/platforms/android-9/arch-arm/ -c -mfloat-abi=softfp -mfpu=neon -marm -march=armv7-a -mtune=cortex-a8 -mthumb -D__thumb__  -mfloat-abi=softfp -mfpu=neon -marm -march=armv7-a -mtune=cortex-a8 -mthumb -D__thumb__  conftest.c >&5
configure:6259: $? = 0
configure:6263: /Users/gaoxiong/Documents/work/android_tools/android-ndk-r9d/toolchains/arm-linux-androideabi-4.6/prebuilt/darwin-x86_64/bin/arm-linux-androideabi-nm conftest.o \| sed -n -e 's/^.*[ ]\([ABCDGIRSTW][ABCDGIRSTW]*\)[ ][ ]*\([_A-Za-z][_A-Za-z0-9]*\)$/\1 \2 \2/p' | sed '/ __gnu_lto/d' \> conftest.nm
configure:6266: $? = 0
configure:6332: /Users/gaoxiong/Documents/work/android_tools/android-ndk-r9d/toolchains/arm-linux-androideabi-4.6/prebuilt/darwin-x86_64/bin/arm-linux-androideabi-gcc --sysroot=/Users/gaoxiong/Documents/work/android_tools/android-ndk-r9d/platforms/android-9/arch-arm/ -o conftest -mfloat-abi=softfp -mfpu=neon -marm -march=armv7-a -mtune=cortex-a8 -mthumb -D__thumb__  -mfloat-abi=softfp -mfpu=neon -marm -march=armv7-a -mtune=cortex-a8 -mthumb -D__thumb__  -Wl,-rpath-link=/Users/gaoxiong/Documents/work/android_tools/android-ndk-r9d/platforms/android-9/arch-arm//usr/lib -L/Users/gaoxiong/Documents/work/android_tools/android-ndk-r9d/platforms/android-9/arch-arm//usr/lib  -nostdlib -lc -lm -ldl -llog conftest.c conftstm.o >&5
configure:6335: $? = 0
configure:6373: result: ok
configure:6410: checking for sysroot
configure:6440: result: no
configure:6656: checking for arm-linux-mt
configure:6686: result: no
configure:6696: checking for mt
configure:6726: result: no
configure:6746: checking if : is a manifest tool
configure:6752: : '-?'
configure:6760: result: no
configure:7402: checking how to run the C preprocessor
configure:7433: /Users/gaoxiong/Documents/work/android_tools/android-ndk-r9d/toolchains/arm-linux-androideabi-4.6/prebuilt/darwin-x86_64/bin/arm-linux-androideabi-gcc --sysroot=/Users/gaoxiong/Documents/work/android_tools/android-ndk-r9d/platforms/android-9/arch-arm/ -E -mfloat-abi=softfp -mfpu=neon -marm -march=armv7-a -mtune=cortex-a8 -mthumb -D__thumb__  conftest.c
configure:7433: $? = 0
configure:7447: /Users/gaoxiong/Documents/work/android_tools/android-ndk-r9d/toolchains/arm-linux-androideabi-4.6/prebuilt/darwin-x86_64/bin/arm-linux-androideabi-gcc --sysroot=/Users/gaoxiong/Documents/work/android_tools/android-ndk-r9d/platforms/android-9/arch-arm/ -E -mfloat-abi=softfp -mfpu=neon -marm -march=armv7-a -mtune=cortex-a8 -mthumb -D__thumb__  conftest.c
conftest.c:11:28: fatal error: ac_nonexistent.h: No such file or directory
compilation terminated.
configure:7447: $? = 1
configure: failed program was:
| /* confdefs.h */
| #define PACKAGE_NAME "libass"
| #define PACKAGE_TARNAME "libass"
| #define PACKAGE_VERSION "0.10.0"
| #define PACKAGE_STRING "libass 0.10.0"
| #define PACKAGE_BUGREPORT ""
| #define PACKAGE_URL ""
| #define PACKAGE "libass"
| #define VERSION "0.10.0"
| /* end confdefs.h.  */
| #include <ac_nonexistent.h>
configure:7472: result: /Users/gaoxiong/Documents/work/android_tools/android-ndk-r9d/toolchains/arm-linux-androideabi-4.6/prebuilt/darwin-x86_64/bin/arm-linux-androideabi-gcc --sysroot=/Users/gaoxiong/Documents/work/android_tools/android-ndk-r9d/platforms/android-9/arch-arm/ -E
configure:7492: /Users/gaoxiong/Documents/work/android_tools/android-ndk-r9d/toolchains/arm-linux-androideabi-4.6/prebuilt/darwin-x86_64/bin/arm-linux-androideabi-gcc --sysroot=/Users/gaoxiong/Documents/work/android_tools/android-ndk-r9d/platforms/android-9/arch-arm/ -E -mfloat-abi=softfp -mfpu=neon -marm -march=armv7-a -mtune=cortex-a8 -mthumb -D__thumb__  conftest.c
configure:7492: $? = 0
configure:7506: /Users/gaoxiong/Documents/work/android_tools/android-ndk-r9d/toolchains/arm-linux-androideabi-4.6/prebuilt/darwin-x86_64/bin/arm-linux-androideabi-gcc --sysroot=/Users/gaoxiong/Documents/work/android_tools/android-ndk-r9d/platforms/android-9/arch-arm/ -E -mfloat-abi=softfp -mfpu=neon -marm -march=armv7-a -mtune=cortex-a8 -mthumb -D__thumb__  conftest.c
conftest.c:11:28: fatal error: ac_nonexistent.h: No such file or directory
compilation terminated.
configure:7506: $? = 1
configure: failed program was:
| /* confdefs.h */
| #define PACKAGE_NAME "libass"
| #define PACKAGE_TARNAME "libass"
| #define PACKAGE_VERSION "0.10.0"
| #define PACKAGE_STRING "libass 0.10.0"
| #define PACKAGE_BUGREPORT ""
| #define PACKAGE_URL ""
| #define PACKAGE "libass"
| #define VERSION "0.10.0"
| /* end confdefs.h.  */
| #include <ac_nonexistent.h>
configure:7535: checking for ANSI C header files
configure:7555: /Users/gaoxiong/Documents/work/android_tools/android-ndk-r9d/toolchains/arm-linux-androideabi-4.6/prebuilt/darwin-x86_64/bin/arm-linux-androideabi-gcc --sysroot=/Users/gaoxiong/Documents/work/android_tools/android-ndk-r9d/platforms/android-9/arch-arm/ -c -mfloat-abi=softfp -mfpu=neon -marm -march=armv7-a -mtune=cortex-a8 -mthumb -D__thumb__  -mfloat-abi=softfp -mfpu=neon -marm -march=armv7-a -mtune=cortex-a8 -mthumb -D__thumb__  conftest.c >&5
configure:7555: $? = 0
configure:7639: result: yes
configure:7652: checking for sys/types.h
configure:7652: /Users/gaoxiong/Documents/work/android_tools/android-ndk-r9d/toolchains/arm-linux-androideabi-4.6/prebuilt/darwin-x86_64/bin/arm-linux-androideabi-gcc --sysroot=/Users/gaoxiong/Documents/work/android_tools/android-ndk-r9d/platforms/android-9/arch-arm/ -c -mfloat-abi=softfp -mfpu=neon -marm -march=armv7-a -mtune=cortex-a8 -mthumb -D__thumb__  -mfloat-abi=softfp -mfpu=neon -marm -march=armv7-a -mtune=cortex-a8 -mthumb -D__thumb__  conftest.c >&5
configure:7652: $? = 0
configure:7652: result: yes
configure:7652: checking for sys/stat.h
configure:7652: /Users/gaoxiong/Documents/work/android_tools/android-ndk-r9d/toolchains/arm-linux-androideabi-4.6/prebuilt/darwin-x86_64/bin/arm-linux-androideabi-gcc --sysroot=/Users/gaoxiong/Documents/work/android_tools/android-ndk-r9d/platforms/android-9/arch-arm/ -c -mfloat-abi=softfp -mfpu=neon -marm -march=armv7-a -mtune=cortex-a8 -mthumb -D__thumb__  -mfloat-abi=softfp -mfpu=neon -marm -march=armv7-a -mtune=cortex-a8 -mthumb -D__thumb__  conftest.c >&5
configure:7652: $? = 0
configure:7652: result: yes
configure:7652: checking for stdlib.h
configure:7652: /Users/gaoxiong/Documents/work/android_tools/android-ndk-r9d/toolchains/arm-linux-androideabi-4.6/prebuilt/darwin-x86_64/bin/arm-linux-androideabi-gcc --sysroot=/Users/gaoxiong/Documents/work/android_tools/android-ndk-r9d/platforms/android-9/arch-arm/ -c -mfloat-abi=softfp -mfpu=neon -marm -march=armv7-a -mtune=cortex-a8 -mthumb -D__thumb__  -mfloat-abi=softfp -mfpu=neon -marm -march=armv7-a -mtune=cortex-a8 -mthumb -D__thumb__  conftest.c >&5
configure:7652: $? = 0
configure:7652: result: yes
configure:7652: checking for string.h
configure:7652: /Users/gaoxiong/Documents/work/android_tools/android-ndk-r9d/toolchains/arm-linux-androideabi-4.6/prebuilt/darwin-x86_64/bin/arm-linux-androideabi-gcc --sysroot=/Users/gaoxiong/Documents/work/android_tools/android-ndk-r9d/platforms/android-9/arch-arm/ -c -mfloat-abi=softfp -mfpu=neon -marm -march=armv7-a -mtune=cortex-a8 -mthumb -D__thumb__  -mfloat-abi=softfp -mfpu=neon -marm -march=armv7-a -mtune=cortex-a8 -mthumb -D__thumb__  conftest.c >&5
configure:7652: $? = 0
configure:7652: result: yes
configure:7652: checking for memory.h
configure:7652: /Users/gaoxiong/Documents/work/android_tools/android-ndk-r9d/toolchains/arm-linux-androideabi-4.6/prebuilt/darwin-x86_64/bin/arm-linux-androideabi-gcc --sysroot=/Users/gaoxiong/Documents/work/android_tools/android-ndk-r9d/platforms/android-9/arch-arm/ -c -mfloat-abi=softfp -mfpu=neon -marm -march=armv7-a -mtune=cortex-a8 -mthumb -D__thumb__  -mfloat-abi=softfp -mfpu=neon -marm -march=armv7-a -mtune=cortex-a8 -mthumb -D__thumb__  conftest.c >&5
configure:7652: $? = 0
configure:7652: result: yes
configure:7652: checking for strings.h
configure:7652: /Users/gaoxiong/Documents/work/android_tools/android-ndk-r9d/toolchains/arm-linux-androideabi-4.6/prebuilt/darwin-x86_64/bin/arm-linux-androideabi-gcc --sysroot=/Users/gaoxiong/Documents/work/android_tools/android-ndk-r9d/platforms/android-9/arch-arm/ -c -mfloat-abi=softfp -mfpu=neon -marm -march=armv7-a -mtune=cortex-a8 -mthumb -D__thumb__  -mfloat-abi=softfp -mfpu=neon -marm -march=armv7-a -mtune=cortex-a8 -mthumb -D__thumb__  conftest.c >&5
configure:7652: $? = 0
configure:7652: result: yes
configure:7652: checking for inttypes.h
configure:7652: /Users/gaoxiong/Documents/work/android_tools/android-ndk-r9d/toolchains/arm-linux-androideabi-4.6/prebuilt/darwin-x86_64/bin/arm-linux-androideabi-gcc --sysroot=/Users/gaoxiong/Documents/work/android_tools/android-ndk-r9d/platforms/android-9/arch-arm/ -c -mfloat-abi=softfp -mfpu=neon -marm -march=armv7-a -mtune=cortex-a8 -mthumb -D__thumb__  -mfloat-abi=softfp -mfpu=neon -marm -march=armv7-a -mtune=cortex-a8 -mthumb -D__thumb__  conftest.c >&5
configure:7652: $? = 0
configure:7652: result: yes
configure:7652: checking for stdint.h
configure:7652: /Users/gaoxiong/Documents/work/android_tools/android-ndk-r9d/toolchains/arm-linux-androideabi-4.6/prebuilt/darwin-x86_64/bin/arm-linux-androideabi-gcc --sysroot=/Users/gaoxiong/Documents/work/android_tools/android-ndk-r9d/platforms/android-9/arch-arm/ -c -mfloat-abi=softfp -mfpu=neon -marm -march=armv7-a -mtune=cortex-a8 -mthumb -D__thumb__  -mfloat-abi=softfp -mfpu=neon -marm -march=armv7-a -mtune=cortex-a8 -mthumb -D__thumb__  conftest.c >&5
configure:7652: $? = 0
configure:7652: result: yes
configure:7652: checking for unistd.h
configure:7652: /Users/gaoxiong/Documents/work/android_tools/android-ndk-r9d/toolchains/arm-linux-androideabi-4.6/prebuilt/darwin-x86_64/bin/arm-linux-androideabi-gcc --sysroot=/Users/gaoxiong/Documents/work/android_tools/android-ndk-r9d/platforms/android-9/arch-arm/ -c -mfloat-abi=softfp -mfpu=neon -marm -march=armv7-a -mtune=cortex-a8 -mthumb -D__thumb__  -mfloat-abi=softfp -mfpu=neon -marm -march=armv7-a -mtune=cortex-a8 -mthumb -D__thumb__  conftest.c >&5
configure:7652: $? = 0
configure:7652: result: yes
configure:7666: checking for dlfcn.h
configure:7666: /Users/gaoxiong/Documents/work/android_tools/android-ndk-r9d/toolchains/arm-linux-androideabi-4.6/prebuilt/darwin-x86_64/bin/arm-linux-androideabi-gcc --sysroot=/Users/gaoxiong/Documents/work/android_tools/android-ndk-r9d/platforms/android-9/arch-arm/ -c -mfloat-abi=softfp -mfpu=neon -marm -march=armv7-a -mtune=cortex-a8 -mthumb -D__thumb__  -mfloat-abi=softfp -mfpu=neon -marm -march=armv7-a -mtune=cortex-a8 -mthumb -D__thumb__  conftest.c >&5
configure:7666: $? = 0
configure:7666: result: yes
configure:7872: checking for objdir
configure:7887: result: .libs
configure:8158: checking if /Users/gaoxiong/Documents/work/android_tools/android-ndk-r9d/toolchains/arm-linux-androideabi-4.6/prebuilt/darwin-x86_64/bin/arm-linux-androideabi-gcc --sysroot=/Users/gaoxiong/Documents/work/android_tools/android-ndk-r9d/platforms/android-9/arch-arm/ supports -fno-rtti -fno-exceptions
configure:8176: /Users/gaoxiong/Documents/work/android_tools/android-ndk-r9d/toolchains/arm-linux-androideabi-4.6/prebuilt/darwin-x86_64/bin/arm-linux-androideabi-gcc --sysroot=/Users/gaoxiong/Documents/work/android_tools/android-ndk-r9d/platforms/android-9/arch-arm/ -c -mfloat-abi=softfp -mfpu=neon -marm -march=armv7-a -mtune=cortex-a8 -mthumb -D__thumb__  -mfloat-abi=softfp -mfpu=neon -marm -march=armv7-a -mtune=cortex-a8 -mthumb -D__thumb__  -fno-rtti -fno-exceptions conftest.c >&5
cc1: warning: command line option '-fno-rtti' is valid for C++/ObjC++ but not for C [enabled by default]
configure:8180: $? = 0
configure:8193: result: no
configure:8520: checking for /Users/gaoxiong/Documents/work/android_tools/android-ndk-r9d/toolchains/arm-linux-androideabi-4.6/prebuilt/darwin-x86_64/bin/arm-linux-androideabi-gcc --sysroot=/Users/gaoxiong/Documents/work/android_tools/android-ndk-r9d/platforms/android-9/arch-arm/ option to produce PIC
configure:8527: result: -fPIC -DPIC
configure:8535: checking if /Users/gaoxiong/Documents/work/android_tools/android-ndk-r9d/toolchains/arm-linux-androideabi-4.6/prebuilt/darwin-x86_64/bin/arm-linux-androideabi-gcc --sysroot=/Users/gaoxiong/Documents/work/android_tools/android-ndk-r9d/platforms/android-9/arch-arm/ PIC flag -fPIC -DPIC works
configure:8553: /Users/gaoxiong/Documents/work/android_tools/android-ndk-r9d/toolchains/arm-linux-androideabi-4.6/prebuilt/darwin-x86_64/bin/arm-linux-androideabi-gcc --sysroot=/Users/gaoxiong/Documents/work/android_tools/android-ndk-r9d/platforms/android-9/arch-arm/ -c -mfloat-abi=softfp -mfpu=neon -marm -march=armv7-a -mtune=cortex-a8 -mthumb -D__thumb__  -mfloat-abi=softfp -mfpu=neon -marm -march=armv7-a -mtune=cortex-a8 -mthumb -D__thumb__  -fPIC -DPIC -DPIC conftest.c >&5
configure:8557: $? = 0
configure:8570: result: yes
configure:8599: checking if /Users/gaoxiong/Documents/work/android_tools/android-ndk-r9d/toolchains/arm-linux-androideabi-4.6/prebuilt/darwin-x86_64/bin/arm-linux-androideabi-gcc --sysroot=/Users/gaoxiong/Documents/work/android_tools/android-ndk-r9d/platforms/android-9/arch-arm/ static flag -static works
configure:8627: result: no
configure:8642: checking if /Users/gaoxiong/Documents/work/android_tools/android-ndk-r9d/toolchains/arm-linux-androideabi-4.6/prebuilt/darwin-x86_64/bin/arm-linux-androideabi-gcc --sysroot=/Users/gaoxiong/Documents/work/android_tools/android-ndk-r9d/platforms/android-9/arch-arm/ supports -c -o file.o
configure:8663: /Users/gaoxiong/Documents/work/android_tools/android-ndk-r9d/toolchains/arm-linux-androideabi-4.6/prebuilt/darwin-x86_64/bin/arm-linux-androideabi-gcc --sysroot=/Users/gaoxiong/Documents/work/android_tools/android-ndk-r9d/platforms/android-9/arch-arm/ -c -mfloat-abi=softfp -mfpu=neon -marm -march=armv7-a -mtune=cortex-a8 -mthumb -D__thumb__  -mfloat-abi=softfp -mfpu=neon -marm -march=armv7-a -mtune=cortex-a8 -mthumb -D__thumb__  -o out/conftest2.o conftest.c >&5
configure:8667: $? = 0
configure:8689: result: yes
configure:8697: checking if /Users/gaoxiong/Documents/work/android_tools/android-ndk-r9d/toolchains/arm-linux-androideabi-4.6/prebuilt/darwin-x86_64/bin/arm-linux-androideabi-gcc --sysroot=/Users/gaoxiong/Documents/work/android_tools/android-ndk-r9d/platforms/android-9/arch-arm/ supports -c -o file.o
configure:8744: result: yes
configure:8777: checking whether the /Users/gaoxiong/Documents/work/android_tools/android-ndk-r9d/toolchains/arm-linux-androideabi-4.6/prebuilt/darwin-x86_64/bin/arm-linux-androideabi-gcc --sysroot=/Users/gaoxiong/Documents/work/android_tools/android-ndk-r9d/platforms/android-9/arch-arm/ linker (/Users/gaoxiong/Documents/work/android_tools/android-ndk-r9d/toolchains/arm-linux-androideabi-4.6/prebuilt/darwin-x86_64/arm-linux-androideabi/bin/ld) supports shared libraries
configure:9930: result: yes
configure:10170: checking dynamic linker characteristics
configure:10681: /Users/gaoxiong/Documents/work/android_tools/android-ndk-r9d/toolchains/arm-linux-androideabi-4.6/prebuilt/darwin-x86_64/bin/arm-linux-androideabi-gcc --sysroot=/Users/gaoxiong/Documents/work/android_tools/android-ndk-r9d/platforms/android-9/arch-arm/ -o conftest -mfloat-abi=softfp -mfpu=neon -marm -march=armv7-a -mtune=cortex-a8 -mthumb -D__thumb__  -mfloat-abi=softfp -mfpu=neon -marm -march=armv7-a -mtune=cortex-a8 -mthumb -D__thumb__  -Wl,-rpath-link=/Users/gaoxiong/Documents/work/android_tools/android-ndk-r9d/platforms/android-9/arch-arm//usr/lib -L/Users/gaoxiong/Documents/work/android_tools/android-ndk-r9d/platforms/android-9/arch-arm//usr/lib  -nostdlib -lc -lm -ldl -llog -Wl,-rpath -Wl,/foo conftest.c  >&5
configure:10681: $? = 0
configure:10903: result: GNU/Linux ld.so
configure:11010: checking how to hardcode library paths into programs
configure:11035: result: immediate
configure:11575: checking whether stripping libraries is possible
configure:11580: result: yes
configure:11615: checking if libtool supports shared libraries
configure:11617: result: yes
configure:11620: checking whether to build shared libraries
configure:11641: result: no
configure:11644: checking whether to build static libraries
configure:11648: result: yes
configure:11698: checking for arm-linux-gcc
configure:11725: result: /Users/gaoxiong/Documents/work/android_tools/android-ndk-r9d/toolchains/arm-linux-androideabi-4.6/prebuilt/darwin-x86_64/bin/arm-linux-androideabi-gcc --sysroot=/Users/gaoxiong/Documents/work/android_tools/android-ndk-r9d/platforms/android-9/arch-arm/
configure:11994: checking for C compiler version
configure:12003: /Users/gaoxiong/Documents/work/android_tools/android-ndk-r9d/toolchains/arm-linux-androideabi-4.6/prebuilt/darwin-x86_64/bin/arm-linux-androideabi-gcc --sysroot=/Users/gaoxiong/Documents/work/android_tools/android-ndk-r9d/platforms/android-9/arch-arm/ --version >&5
arm-linux-androideabi-gcc (GCC) 4.6 20120106 (prerelease)
Copyright (C) 2011 Free Software Foundation, Inc.
This is free software; see the source for copying conditions.  There is NO
warranty; not even for MERCHANTABILITY or FITNESS FOR A PARTICULAR PURPOSE.

configure:12014: $? = 0
configure:12003: /Users/gaoxiong/Documents/work/android_tools/android-ndk-r9d/toolchains/arm-linux-androideabi-4.6/prebuilt/darwin-x86_64/bin/arm-linux-androideabi-gcc --sysroot=/Users/gaoxiong/Documents/work/android_tools/android-ndk-r9d/platforms/android-9/arch-arm/ -v >&5
Using built-in specs.
COLLECT_GCC=/Users/gaoxiong/Documents/work/android_tools/android-ndk-r9d/toolchains/arm-linux-androideabi-4.6/prebuilt/darwin-x86_64/bin/arm-linux-androideabi-gcc
COLLECT_LTO_WRAPPER=/Users/gaoxiong/Documents/work/android_tools/android-ndk-r9d/toolchains/arm-linux-androideabi-4.6/prebuilt/darwin-x86_64/bin/../libexec/gcc/arm-linux-androideabi/4.6/lto-wrapper
Target: arm-linux-androideabi
Configured with: /s/ndk-toolchain/src/build/../gcc/gcc-4.6/configure --prefix=/tmp/ndk-User/build/toolchain/prefix --target=arm-linux-androideabi --host=x86_64-apple-darwin --build=x86_64-apple-darwin --with-gnu-as --with-gnu-ld --enable-languages=c,c++ --with-gmp=/tmp/ndk-User/build/toolchain/temp-install --with-mpfr=/tmp/ndk-User/build/toolchain/temp-install --with-mpc=/tmp/ndk-User/build/toolchain/temp-install --with-cloog=/tmp/ndk-User/build/toolchain/temp-install --with-isl=/tmp/ndk-User/build/toolchain/temp-install --with-ppl=/tmp/ndk-User/build/toolchain/temp-install --disable-ppl-version-check --disable-cloog-version-check --disable-isl-version-check --enable-cloog-backend=isl --with-host-libstdcxx='-static-libgcc -lstdc++ -lm' --disable-libssp --enable-threads --disable-nls --disable-libmudflap --disable-libgomp --disable-libstdc__-v3 --disable-sjlj-exceptions --disable-shared --disable-tls --disable-libitm --with-float=soft --with-fpu=vfp --with-arch=armv5te --enable-target-optspace --enable-initfini-array --disable-nls --prefix=/tmp/ndk-User/build/toolchain/prefix --with-sysroot=/tmp/ndk-User/build/toolchain/prefix/sysroot --with-binutils-version=2.21 --with-mpfr-version=3.1.1 --with-mpc-version=1.0.1 --with-gmp-version=5.0.5 --with-gcc-version=4.6 --with-gdb-version=7.3.x --with-python=/Users/User/mydroid/ndk/prebuilt/darwin-x86_64/bin/python-config.sh --with-gxx-include-dir=/tmp/ndk-User/build/toolchain/prefix/include/c++/4.6 --with-bugurl=http://source.android.com/source/report-bugs.html --disable-bootstrap --disable-libquadmath --enable-plugins --enable-libgomp --disable-libsanitizer --enable-gold --enable-graphite=yes --with-cloog-version=0.18.0 --with-ppl-version=1.0 --enable-eh-frame-hdr-for-static --with-arch=armv5te --program-transform-name='s&^&arm-linux-androideabi-&' --enable-gold=default
Thread model: posix
gcc version 4.6 20120106 (prerelease) (GCC) 
configure:12014: $? = 0
configure:12003: /Users/gaoxiong/Documents/work/android_tools/android-ndk-r9d/toolchains/arm-linux-androideabi-4.6/prebuilt/darwin-x86_64/bin/arm-linux-androideabi-gcc --sysroot=/Users/gaoxiong/Documents/work/android_tools/android-ndk-r9d/platforms/android-9/arch-arm/ -V >&5
arm-linux-androideabi-gcc: error: unrecognized option '-V'
arm-linux-androideabi-gcc: fatal error: no input files
compilation terminated.
configure:12014: $? = 1
configure:12003: /Users/gaoxiong/Documents/work/android_tools/android-ndk-r9d/toolchains/arm-linux-androideabi-4.6/prebuilt/darwin-x86_64/bin/arm-linux-androideabi-gcc --sysroot=/Users/gaoxiong/Documents/work/android_tools/android-ndk-r9d/platforms/android-9/arch-arm/ -qversion >&5
arm-linux-androideabi-gcc: error: unrecognized option '-qversion'
arm-linux-androideabi-gcc: fatal error: no input files
compilation terminated.
configure:12014: $? = 1
configure:12018: checking whether we are using the GNU C compiler
configure:12046: result: yes
configure:12055: checking whether /Users/gaoxiong/Documents/work/android_tools/android-ndk-r9d/toolchains/arm-linux-androideabi-4.6/prebuilt/darwin-x86_64/bin/arm-linux-androideabi-gcc --sysroot=/Users/gaoxiong/Documents/work/android_tools/android-ndk-r9d/platforms/android-9/arch-arm/ accepts -g
configure:12116: result: yes
configure:12133: checking for /Users/gaoxiong/Documents/work/android_tools/android-ndk-r9d/toolchains/arm-linux-androideabi-4.6/prebuilt/darwin-x86_64/bin/arm-linux-androideabi-gcc --sysroot=/Users/gaoxiong/Documents/work/android_tools/android-ndk-r9d/platforms/android-9/arch-arm/ option to accept ISO C89
configure:12209: result: none needed
configure:12234: checking whether /Users/gaoxiong/Documents/work/android_tools/android-ndk-r9d/toolchains/arm-linux-androideabi-4.6/prebuilt/darwin-x86_64/bin/arm-linux-androideabi-gcc --sysroot=/Users/gaoxiong/Documents/work/android_tools/android-ndk-r9d/platforms/android-9/arch-arm/ understands -c and -o together
configure:12271: result: yes
configure:12290: checking dependency style of /Users/gaoxiong/Documents/work/android_tools/android-ndk-r9d/toolchains/arm-linux-androideabi-4.6/prebuilt/darwin-x86_64/bin/arm-linux-androideabi-gcc --sysroot=/Users/gaoxiong/Documents/work/android_tools/android-ndk-r9d/platforms/android-9/arch-arm/
configure:12401: result: none
configure:12421: checking how to run the C preprocessor
configure:12491: result: /Users/gaoxiong/Documents/work/android_tools/android-ndk-r9d/toolchains/arm-linux-androideabi-4.6/prebuilt/darwin-x86_64/bin/arm-linux-androideabi-gcc --sysroot=/Users/gaoxiong/Documents/work/android_tools/android-ndk-r9d/platforms/android-9/arch-arm/ -E
configure:12511: /Users/gaoxiong/Documents/work/android_tools/android-ndk-r9d/toolchains/arm-linux-androideabi-4.6/prebuilt/darwin-x86_64/bin/arm-linux-androideabi-gcc --sysroot=/Users/gaoxiong/Documents/work/android_tools/android-ndk-r9d/platforms/android-9/arch-arm/ -E -mfloat-abi=softfp -mfpu=neon -marm -march=armv7-a -mtune=cortex-a8 -mthumb -D__thumb__  conftest.c
configure:12511: $? = 0
configure:12525: /Users/gaoxiong/Documents/work/android_tools/android-ndk-r9d/toolchains/arm-linux-androideabi-4.6/prebuilt/darwin-x86_64/bin/arm-linux-androideabi-gcc --sysroot=/Users/gaoxiong/Documents/work/android_tools/android-ndk-r9d/platforms/android-9/arch-arm/ -E -mfloat-abi=softfp -mfpu=neon -marm -march=armv7-a -mtune=cortex-a8 -mthumb -D__thumb__  conftest.c
conftest.c:23:28: fatal error: ac_nonexistent.h: No such file or directory
compilation terminated.
configure:12525: $? = 1
configure: failed program was:
| /* confdefs.h */
| #define PACKAGE_NAME "libass"
| #define PACKAGE_TARNAME "libass"
| #define PACKAGE_VERSION "0.10.0"
| #define PACKAGE_STRING "libass 0.10.0"
| #define PACKAGE_BUGREPORT ""
| #define PACKAGE_URL ""
| #define PACKAGE "libass"
| #define VERSION "0.10.0"
| #define STDC_HEADERS 1
| #define HAVE_SYS_TYPES_H 1
| #define HAVE_SYS_STAT_H 1
| #define HAVE_STDLIB_H 1
| #define HAVE_STRING_H 1
| #define HAVE_MEMORY_H 1
| #define HAVE_STRINGS_H 1
| #define HAVE_INTTYPES_H 1
| #define HAVE_STDINT_H 1
| #define HAVE_UNISTD_H 1
| #define HAVE_DLFCN_H 1
| #define LT_OBJDIR ".libs/"
| /* end confdefs.h.  */
| #include <ac_nonexistent.h>
configure:12556: checking for ANSI C header files
configure:12660: result: yes
configure:12668: checking for stdbool.h that conforms to C99
configure:12735: /Users/gaoxiong/Documents/work/android_tools/android-ndk-r9d/toolchains/arm-linux-androideabi-4.6/prebuilt/darwin-x86_64/bin/arm-linux-androideabi-gcc --sysroot=/Users/gaoxiong/Documents/work/android_tools/android-ndk-r9d/platforms/android-9/arch-arm/ -c -mfloat-abi=softfp -mfpu=neon -marm -march=armv7-a -mtune=cortex-a8 -mthumb -D__thumb__  -mfloat-abi=softfp -mfpu=neon -marm -march=armv7-a -mtune=cortex-a8 -mthumb -D__thumb__  conftest.c >&5
configure:12735: $? = 0
configure:12742: result: yes
configure:12744: checking for _Bool
configure:12744: /Users/gaoxiong/Documents/work/android_tools/android-ndk-r9d/toolchains/arm-linux-androideabi-4.6/prebuilt/darwin-x86_64/bin/arm-linux-androideabi-gcc --sysroot=/Users/gaoxiong/Documents/work/android_tools/android-ndk-r9d/platforms/android-9/arch-arm/ -c -mfloat-abi=softfp -mfpu=neon -marm -march=armv7-a -mtune=cortex-a8 -mthumb -D__thumb__  -mfloat-abi=softfp -mfpu=neon -marm -march=armv7-a -mtune=cortex-a8 -mthumb -D__thumb__  conftest.c >&5
configure:12744: $? = 0
configure:12744: /Users/gaoxiong/Documents/work/android_tools/android-ndk-r9d/toolchains/arm-linux-androideabi-4.6/prebuilt/darwin-x86_64/bin/arm-linux-androideabi-gcc --sysroot=/Users/gaoxiong/Documents/work/android_tools/android-ndk-r9d/platforms/android-9/arch-arm/ -c -mfloat-abi=softfp -mfpu=neon -marm -march=armv7-a -mtune=cortex-a8 -mthumb -D__thumb__  -mfloat-abi=softfp -mfpu=neon -marm -march=armv7-a -mtune=cortex-a8 -mthumb -D__thumb__  conftest.c >&5
conftest.c: In function 'main':
conftest.c:60:20: error: expected expression before ')' token
configure:12744: $? = 1
configure: failed program was:
| /* confdefs.h */
| #define PACKAGE_NAME "libass"
| #define PACKAGE_TARNAME "libass"
| #define PACKAGE_VERSION "0.10.0"
| #define PACKAGE_STRING "libass 0.10.0"
| #define PACKAGE_BUGREPORT ""
| #define PACKAGE_URL ""
| #define PACKAGE "libass"
| #define VERSION "0.10.0"
| #define STDC_HEADERS 1
| #define HAVE_SYS_TYPES_H 1
| #define HAVE_SYS_STAT_H 1
| #define HAVE_STDLIB_H 1
| #define HAVE_STRING_H 1
| #define HAVE_MEMORY_H 1
| #define HAVE_STRINGS_H 1
| #define HAVE_INTTYPES_H 1
| #define HAVE_STDINT_H 1
| #define HAVE_UNISTD_H 1
| #define HAVE_DLFCN_H 1
| #define LT_OBJDIR ".libs/"
| #define STDC_HEADERS 1
| /* end confdefs.h.  */
| #include <stdio.h>
| #ifdef HAVE_SYS_TYPES_H
| # include <sys/types.h>
| #endif
| #ifdef HAVE_SYS_STAT_H
| # include <sys/stat.h>
| #endif
| #ifdef STDC_HEADERS
| # include <stdlib.h>
| # include <stddef.h>
| #else
| # ifdef HAVE_STDLIB_H
| #  include <stdlib.h>
| # endif
| #endif
| #ifdef HAVE_STRING_H
| # if !defined STDC_HEADERS && defined HAVE_MEMORY_H
| #  include <memory.h>
| # endif
| # include <string.h>
| #endif
| #ifdef HAVE_STRINGS_H
| # include <strings.h>
| #endif
| #ifdef HAVE_INTTYPES_H
| # include <inttypes.h>
| #endif
| #ifdef HAVE_STDINT_H
| # include <stdint.h>
| #endif
| #ifdef HAVE_UNISTD_H
| # include <unistd.h>
| #endif
| int
| main ()
| {
| if (sizeof ((_Bool)))
| 	    return 0;
|   ;
|   return 0;
| }
configure:12744: result: yes
configure:12764: checking for inttypes.h
configure:12764: result: yes
configure:12764: checking for stdint.h
configure:12764: result: yes
configure:12764: checking for stdlib.h
configure:12764: result: yes
configure:12764: checking for string.h
configure:12764: result: yes
configure:12764: checking sys/time.h usability
configure:12764: /Users/gaoxiong/Documents/work/android_tools/android-ndk-r9d/toolchains/arm-linux-androideabi-4.6/prebuilt/darwin-x86_64/bin/arm-linux-androideabi-gcc --sysroot=/Users/gaoxiong/Documents/work/android_tools/android-ndk-r9d/platforms/android-9/arch-arm/ -c -mfloat-abi=softfp -mfpu=neon -marm -march=armv7-a -mtune=cortex-a8 -mthumb -D__thumb__  -mfloat-abi=softfp -mfpu=neon -marm -march=armv7-a -mtune=cortex-a8 -mthumb -D__thumb__  conftest.c >&5
configure:12764: $? = 0
configure:12764: result: yes
configure:12764: checking sys/time.h presence
configure:12764: /Users/gaoxiong/Documents/work/android_tools/android-ndk-r9d/toolchains/arm-linux-androideabi-4.6/prebuilt/darwin-x86_64/bin/arm-linux-androideabi-gcc --sysroot=/Users/gaoxiong/Documents/work/android_tools/android-ndk-r9d/platforms/android-9/arch-arm/ -E -mfloat-abi=softfp -mfpu=neon -marm -march=armv7-a -mtune=cortex-a8 -mthumb -D__thumb__  conftest.c
configure:12764: $? = 0
configure:12764: result: yes
configure:12764: checking for sys/time.h
configure:12764: result: yes
configure:12764: checking for unistd.h
configure:12764: result: yes
configure:12764: checking iconv.h usability
configure:12764: /Users/gaoxiong/Documents/work/android_tools/android-ndk-r9d/toolchains/arm-linux-androideabi-4.6/prebuilt/darwin-x86_64/bin/arm-linux-androideabi-gcc --sysroot=/Users/gaoxiong/Documents/work/android_tools/android-ndk-r9d/platforms/android-9/arch-arm/ -c -mfloat-abi=softfp -mfpu=neon -marm -march=armv7-a -mtune=cortex-a8 -mthumb -D__thumb__  -mfloat-abi=softfp -mfpu=neon -marm -march=armv7-a -mtune=cortex-a8 -mthumb -D__thumb__  conftest.c >&5
conftest.c:65:19: fatal error: iconv.h: No such file or directory
compilation terminated.
configure:12764: $? = 1
configure: failed program was:
| /* confdefs.h */
| #define PACKAGE_NAME "libass"
| #define PACKAGE_TARNAME "libass"
| #define PACKAGE_VERSION "0.10.0"
| #define PACKAGE_STRING "libass 0.10.0"
| #define PACKAGE_BUGREPORT ""
| #define PACKAGE_URL ""
| #define PACKAGE "libass"
| #define VERSION "0.10.0"
| #define STDC_HEADERS 1
| #define HAVE_SYS_TYPES_H 1
| #define HAVE_SYS_STAT_H 1
| #define HAVE_STDLIB_H 1
| #define HAVE_STRING_H 1
| #define HAVE_MEMORY_H 1
| #define HAVE_STRINGS_H 1
| #define HAVE_INTTYPES_H 1
| #define HAVE_STDINT_H 1
| #define HAVE_UNISTD_H 1
| #define HAVE_DLFCN_H 1
| #define LT_OBJDIR ".libs/"
| #define STDC_HEADERS 1
| #define HAVE__BOOL 1
| #define HAVE_STDBOOL_H 1
| #define HAVE_INTTYPES_H 1
| #define HAVE_STDINT_H 1
| #define HAVE_STDLIB_H 1
| #define HAVE_STRING_H 1
| #define HAVE_SYS_TIME_H 1
| #define HAVE_UNISTD_H 1
| /* end confdefs.h.  */
| #include <stdio.h>
| #ifdef HAVE_SYS_TYPES_H
| # include <sys/types.h>
| #endif
| #ifdef HAVE_SYS_STAT_H
| # include <sys/stat.h>
| #endif
| #ifdef STDC_HEADERS
| # include <stdlib.h>
| # include <stddef.h>
| #else
| # ifdef HAVE_STDLIB_H
| #  include <stdlib.h>
| # endif
| #endif
| #ifdef HAVE_STRING_H
| # if !defined STDC_HEADERS && defined HAVE_MEMORY_H
| #  include <memory.h>
| # endif
| # include <string.h>
| #endif
| #ifdef HAVE_STRINGS_H
| # include <strings.h>
| #endif
| #ifdef HAVE_INTTYPES_H
| # include <inttypes.h>
| #endif
| #ifdef HAVE_STDINT_H
| # include <stdint.h>
| #endif
| #ifdef HAVE_UNISTD_H
| # include <unistd.h>
| #endif
| #include <iconv.h>
configure:12764: result: no
configure:12764: checking iconv.h presence
configure:12764: /Users/gaoxiong/Documents/work/android_tools/android-ndk-r9d/toolchains/arm-linux-androideabi-4.6/prebuilt/darwin-x86_64/bin/arm-linux-androideabi-gcc --sysroot=/Users/gaoxiong/Documents/work/android_tools/android-ndk-r9d/platforms/android-9/arch-arm/ -E -mfloat-abi=softfp -mfpu=neon -marm -march=armv7-a -mtune=cortex-a8 -mthumb -D__thumb__  conftest.c
conftest.c:32:19: fatal error: iconv.h: No such file or directory
compilation terminated.
configure:12764: $? = 1
configure: failed program was:
| /* confdefs.h */
| #define PACKAGE_NAME "libass"
| #define PACKAGE_TARNAME "libass"
| #define PACKAGE_VERSION "0.10.0"
| #define PACKAGE_STRING "libass 0.10.0"
| #define PACKAGE_BUGREPORT ""
| #define PACKAGE_URL ""
| #define PACKAGE "libass"
| #define VERSION "0.10.0"
| #define STDC_HEADERS 1
| #define HAVE_SYS_TYPES_H 1
| #define HAVE_SYS_STAT_H 1
| #define HAVE_STDLIB_H 1
| #define HAVE_STRING_H 1
| #define HAVE_MEMORY_H 1
| #define HAVE_STRINGS_H 1
| #define HAVE_INTTYPES_H 1
| #define HAVE_STDINT_H 1
| #define HAVE_UNISTD_H 1
| #define HAVE_DLFCN_H 1
| #define LT_OBJDIR ".libs/"
| #define STDC_HEADERS 1
| #define HAVE__BOOL 1
| #define HAVE_STDBOOL_H 1
| #define HAVE_INTTYPES_H 1
| #define HAVE_STDINT_H 1
| #define HAVE_STDLIB_H 1
| #define HAVE_STRING_H 1
| #define HAVE_SYS_TIME_H 1
| #define HAVE_UNISTD_H 1
| /* end confdefs.h.  */
| #include <iconv.h>
configure:12764: result: no
configure:12764: checking for iconv.h
configure:12764: result: no
configure:12776: checking for an ANSI C-conforming const
configure:12842: /Users/gaoxiong/Documents/work/android_tools/android-ndk-r9d/toolchains/arm-linux-androideabi-4.6/prebuilt/darwin-x86_64/bin/arm-linux-androideabi-gcc --sysroot=/Users/gaoxiong/Documents/work/android_tools/android-ndk-r9d/platforms/android-9/arch-arm/ -c -mfloat-abi=softfp -mfpu=neon -marm -march=armv7-a -mtune=cortex-a8 -mthumb -D__thumb__  -mfloat-abi=softfp -mfpu=neon -marm -march=armv7-a -mtune=cortex-a8 -mthumb -D__thumb__  conftest.c >&5
configure:12842: $? = 0
configure:12849: result: yes
configure:12857: checking for inline
configure:12873: /Users/gaoxiong/Documents/work/android_tools/android-ndk-r9d/toolchains/arm-linux-androideabi-4.6/prebuilt/darwin-x86_64/bin/arm-linux-androideabi-gcc --sysroot=/Users/gaoxiong/Documents/work/android_tools/android-ndk-r9d/platforms/android-9/arch-arm/ -c -mfloat-abi=softfp -mfpu=neon -marm -march=armv7-a -mtune=cortex-a8 -mthumb -D__thumb__  -mfloat-abi=softfp -mfpu=neon -marm -march=armv7-a -mtune=cortex-a8 -mthumb -D__thumb__  conftest.c >&5
configure:12873: $? = 0
configure:12881: result: inline
configure:12899: checking for int64_t
configure:12899: /Users/gaoxiong/Documents/work/android_tools/android-ndk-r9d/toolchains/arm-linux-androideabi-4.6/prebuilt/darwin-x86_64/bin/arm-linux-androideabi-gcc --sysroot=/Users/gaoxiong/Documents/work/android_tools/android-ndk-r9d/platforms/android-9/arch-arm/ -c -mfloat-abi=softfp -mfpu=neon -marm -march=armv7-a -mtune=cortex-a8 -mthumb -D__thumb__  -mfloat-abi=softfp -mfpu=neon -marm -march=armv7-a -mtune=cortex-a8 -mthumb -D__thumb__  conftest.c >&5
configure:12899: $? = 0
configure:12899: /Users/gaoxiong/Documents/work/android_tools/android-ndk-r9d/toolchains/arm-linux-androideabi-4.6/prebuilt/darwin-x86_64/bin/arm-linux-androideabi-gcc --sysroot=/Users/gaoxiong/Documents/work/android_tools/android-ndk-r9d/platforms/android-9/arch-arm/ -c -mfloat-abi=softfp -mfpu=neon -marm -march=armv7-a -mtune=cortex-a8 -mthumb -D__thumb__  -mfloat-abi=softfp -mfpu=neon -marm -march=armv7-a -mtune=cortex-a8 -mthumb -D__thumb__  conftest.c >&5
conftest.c: In function 'main':
conftest.c:70:53: warning: integer overflow in expression [-Woverflow]
conftest.c:69:12: error: size of array 'test_array' is negative
conftest.c:69:12: error: storage size of 'test_array' isn't constant
configure:12899: $? = 1
configure: failed program was:
| /* confdefs.h */
| #define PACKAGE_NAME "libass"
| #define PACKAGE_TARNAME "libass"
| #define PACKAGE_VERSION "0.10.0"
| #define PACKAGE_STRING "libass 0.10.0"
| #define PACKAGE_BUGREPORT ""
| #define PACKAGE_URL ""
| #define PACKAGE "libass"
| #define VERSION "0.10.0"
| #define STDC_HEADERS 1
| #define HAVE_SYS_TYPES_H 1
| #define HAVE_SYS_STAT_H 1
| #define HAVE_STDLIB_H 1
| #define HAVE_STRING_H 1
| #define HAVE_MEMORY_H 1
| #define HAVE_STRINGS_H 1
| #define HAVE_INTTYPES_H 1
| #define HAVE_STDINT_H 1
| #define HAVE_UNISTD_H 1
| #define HAVE_DLFCN_H 1
| #define LT_OBJDIR ".libs/"
| #define STDC_HEADERS 1
| #define HAVE__BOOL 1
| #define HAVE_STDBOOL_H 1
| #define HAVE_INTTYPES_H 1
| #define HAVE_STDINT_H 1
| #define HAVE_STDLIB_H 1
| #define HAVE_STRING_H 1
| #define HAVE_SYS_TIME_H 1
| #define HAVE_UNISTD_H 1
| /* end confdefs.h.  */
| #include <stdio.h>
| #ifdef HAVE_SYS_TYPES_H
| # include <sys/types.h>
| #endif
| #ifdef HAVE_SYS_STAT_H
| # include <sys/stat.h>
| #endif
| #ifdef STDC_HEADERS
| # include <stdlib.h>
| # include <stddef.h>
| #else
| # ifdef HAVE_STDLIB_H
| #  include <stdlib.h>
| # endif
| #endif
| #ifdef HAVE_STRING_H
| # if !defined STDC_HEADERS && defined HAVE_MEMORY_H
| #  include <memory.h>
| # endif
| # include <string.h>
| #endif
| #ifdef HAVE_STRINGS_H
| # include <strings.h>
| #endif
| #ifdef HAVE_INTTYPES_H
| # include <inttypes.h>
| #endif
| #ifdef HAVE_STDINT_H
| # include <stdint.h>
| #endif
| #ifdef HAVE_UNISTD_H
| # include <unistd.h>
| #endif
| 	        enum { N = 64 / 2 - 1 };
| int
| main ()
| {
| static int test_array [1 - 2 * !((int64_t) (((((int64_t) 1 << N) << N) - 1) * 2 + 1)
| 		 < (int64_t) (((((int64_t) 1 << N) << N) - 1) * 2 + 2))];
| test_array [0] = 0;
| return test_array [0];
| 
|   ;
|   return 0;
| }
configure:12899: result: yes
configure:12910: checking for size_t
configure:12910: /Users/gaoxiong/Documents/work/android_tools/android-ndk-r9d/toolchains/arm-linux-androideabi-4.6/prebuilt/darwin-x86_64/bin/arm-linux-androideabi-gcc --sysroot=/Users/gaoxiong/Documents/work/android_tools/android-ndk-r9d/platforms/android-9/arch-arm/ -c -mfloat-abi=softfp -mfpu=neon -marm -march=armv7-a -mtune=cortex-a8 -mthumb -D__thumb__  -mfloat-abi=softfp -mfpu=neon -marm -march=armv7-a -mtune=cortex-a8 -mthumb -D__thumb__  conftest.c >&5
configure:12910: $? = 0
configure:12910: /Users/gaoxiong/Documents/work/android_tools/android-ndk-r9d/toolchains/arm-linux-androideabi-4.6/prebuilt/darwin-x86_64/bin/arm-linux-androideabi-gcc --sysroot=/Users/gaoxiong/Documents/work/android_tools/android-ndk-r9d/platforms/android-9/arch-arm/ -c -mfloat-abi=softfp -mfpu=neon -marm -march=armv7-a -mtune=cortex-a8 -mthumb -D__thumb__  -mfloat-abi=softfp -mfpu=neon -marm -march=armv7-a -mtune=cortex-a8 -mthumb -D__thumb__  conftest.c >&5
conftest.c: In function 'main':
conftest.c:68:21: error: expected expression before ')' token
configure:12910: $? = 1
configure: failed program was:
| /* confdefs.h */
| #define PACKAGE_NAME "libass"
| #define PACKAGE_TARNAME "libass"
| #define PACKAGE_VERSION "0.10.0"
| #define PACKAGE_STRING "libass 0.10.0"
| #define PACKAGE_BUGREPORT ""
| #define PACKAGE_URL ""
| #define PACKAGE "libass"
| #define VERSION "0.10.0"
| #define STDC_HEADERS 1
| #define HAVE_SYS_TYPES_H 1
| #define HAVE_SYS_STAT_H 1
| #define HAVE_STDLIB_H 1
| #define HAVE_STRING_H 1
| #define HAVE_MEMORY_H 1
| #define HAVE_STRINGS_H 1
| #define HAVE_INTTYPES_H 1
| #define HAVE_STDINT_H 1
| #define HAVE_UNISTD_H 1
| #define HAVE_DLFCN_H 1
| #define LT_OBJDIR ".libs/"
| #define STDC_HEADERS 1
| #define HAVE__BOOL 1
| #define HAVE_STDBOOL_H 1
| #define HAVE_INTTYPES_H 1
| #define HAVE_STDINT_H 1
| #define HAVE_STDLIB_H 1
| #define HAVE_STRING_H 1
| #define HAVE_SYS_TIME_H 1
| #define HAVE_UNISTD_H 1
| /* end confdefs.h.  */
| #include <stdio.h>
| #ifdef HAVE_SYS_TYPES_H
| # include <sys/types.h>
| #endif
| #ifdef HAVE_SYS_STAT_H
| # include <sys/stat.h>
| #endif
| #ifdef STDC_HEADERS
| # include <stdlib.h>
| # include <stddef.h>
| #else
| # ifdef HAVE_STDLIB_H
| #  include <stdlib.h>
| # endif
| #endif
| #ifdef HAVE_STRING_H
| # if !defined STDC_HEADERS && defined HAVE_MEMORY_H
| #  include <memory.h>
| # endif
| # include <string.h>
| #endif
| #ifdef HAVE_STRINGS_H
| # include <strings.h>
| #endif
| #ifdef HAVE_INTTYPES_H
| # include <inttypes.h>
| #endif
| #ifdef HAVE_STDINT_H
| # include <stdint.h>
| #endif
| #ifdef HAVE_UNISTD_H
| # include <unistd.h>
| #endif
| int
| main ()
| {
| if (sizeof ((size_t)))
| 	    return 0;
|   ;
|   return 0;
| }
configure:12910: result: yes
configure:12921: checking for uint32_t
configure:12921: /Users/gaoxiong/Documents/work/android_tools/android-ndk-r9d/toolchains/arm-linux-androideabi-4.6/prebuilt/darwin-x86_64/bin/arm-linux-androideabi-gcc --sysroot=/Users/gaoxiong/Documents/work/android_tools/android-ndk-r9d/platforms/android-9/arch-arm/ -c -mfloat-abi=softfp -mfpu=neon -marm -march=armv7-a -mtune=cortex-a8 -mthumb -D__thumb__  -mfloat-abi=softfp -mfpu=neon -marm -march=armv7-a -mtune=cortex-a8 -mthumb -D__thumb__  conftest.c >&5
configure:12921: $? = 0
configure:12921: result: yes
configure:12935: checking for uint8_t
configure:12935: /Users/gaoxiong/Documents/work/android_tools/android-ndk-r9d/toolchains/arm-linux-androideabi-4.6/prebuilt/darwin-x86_64/bin/arm-linux-androideabi-gcc --sysroot=/Users/gaoxiong/Documents/work/android_tools/android-ndk-r9d/platforms/android-9/arch-arm/ -c -mfloat-abi=softfp -mfpu=neon -marm -march=armv7-a -mtune=cortex-a8 -mthumb -D__thumb__  -mfloat-abi=softfp -mfpu=neon -marm -march=armv7-a -mtune=cortex-a8 -mthumb -D__thumb__  conftest.c >&5
configure:12935: $? = 0
configure:12935: result: yes
configure:12954: checking for mkdir
configure:12954: /Users/gaoxiong/Documents/work/android_tools/android-ndk-r9d/toolchains/arm-linux-androideabi-4.6/prebuilt/darwin-x86_64/bin/arm-linux-androideabi-gcc --sysroot=/Users/gaoxiong/Documents/work/android_tools/android-ndk-r9d/platforms/android-9/arch-arm/ -o conftest -mfloat-abi=softfp -mfpu=neon -marm -march=armv7-a -mtune=cortex-a8 -mthumb -D__thumb__  -mfloat-abi=softfp -mfpu=neon -marm -march=armv7-a -mtune=cortex-a8 -mthumb -D__thumb__  -Wl,-rpath-link=/Users/gaoxiong/Documents/work/android_tools/android-ndk-r9d/platforms/android-9/arch-arm//usr/lib -L/Users/gaoxiong/Documents/work/android_tools/android-ndk-r9d/platforms/android-9/arch-arm//usr/lib  -nostdlib -lc -lm -ldl -llog conftest.c  >&5
configure:12954: $? = 0
configure:12954: result: yes
configure:12954: checking for strcasecmp
configure:12954: /Users/gaoxiong/Documents/work/android_tools/android-ndk-r9d/toolchains/arm-linux-androideabi-4.6/prebuilt/darwin-x86_64/bin/arm-linux-androideabi-gcc --sysroot=/Users/gaoxiong/Documents/work/android_tools/android-ndk-r9d/platforms/android-9/arch-arm/ -o conftest -mfloat-abi=softfp -mfpu=neon -marm -march=armv7-a -mtune=cortex-a8 -mthumb -D__thumb__  -mfloat-abi=softfp -mfpu=neon -marm -march=armv7-a -mtune=cortex-a8 -mthumb -D__thumb__  -Wl,-rpath-link=/Users/gaoxiong/Documents/work/android_tools/android-ndk-r9d/platforms/android-9/arch-arm//usr/lib -L/Users/gaoxiong/Documents/work/android_tools/android-ndk-r9d/platforms/android-9/arch-arm//usr/lib  -nostdlib -lc -lm -ldl -llog conftest.c  >&5
conftest.c:56:6: warning: conflicting types for built-in function 'strcasecmp' [enabled by default]
configure:12954: $? = 0
configure:12954: result: yes
configure:12954: checking for strdup
configure:12954: /Users/gaoxiong/Documents/work/android_tools/android-ndk-r9d/toolchains/arm-linux-androideabi-4.6/prebuilt/darwin-x86_64/bin/arm-linux-androideabi-gcc --sysroot=/Users/gaoxiong/Documents/work/android_tools/android-ndk-r9d/platforms/android-9/arch-arm/ -o conftest -mfloat-abi=softfp -mfpu=neon -marm -march=armv7-a -mtune=cortex-a8 -mthumb -D__thumb__  -mfloat-abi=softfp -mfpu=neon -marm -march=armv7-a -mtune=cortex-a8 -mthumb -D__thumb__  -Wl,-rpath-link=/Users/gaoxiong/Documents/work/android_tools/android-ndk-r9d/platforms/android-9/arch-arm//usr/lib -L/Users/gaoxiong/Documents/work/android_tools/android-ndk-r9d/platforms/android-9/arch-arm//usr/lib  -nostdlib -lc -lm -ldl -llog conftest.c  >&5
conftest.c:57:6: warning: conflicting types for built-in function 'strdup' [enabled by default]
configure:12954: $? = 0
configure:12954: result: yes
configure:12954: checking for strtol
configure:12954: /Users/gaoxiong/Documents/work/android_tools/android-ndk-r9d/toolchains/arm-linux-androideabi-4.6/prebuilt/darwin-x86_64/bin/arm-linux-androideabi-gcc --sysroot=/Users/gaoxiong/Documents/work/android_tools/android-ndk-r9d/platforms/android-9/arch-arm/ -o conftest -mfloat-abi=softfp -mfpu=neon -marm -march=armv7-a -mtune=cortex-a8 -mthumb -D__thumb__  -mfloat-abi=softfp -mfpu=neon -marm -march=armv7-a -mtune=cortex-a8 -mthumb -D__thumb__  -Wl,-rpath-link=/Users/gaoxiong/Documents/work/android_tools/android-ndk-r9d/platforms/android-9/arch-arm//usr/lib -L/Users/gaoxiong/Documents/work/android_tools/android-ndk-r9d/platforms/android-9/arch-arm//usr/lib  -nostdlib -lc -lm -ldl -llog conftest.c  >&5
configure:12954: $? = 0
configure:12954: result: yes
configure:12965: checking for library containing iconv_open
configure:12996: /Users/gaoxiong/Documents/work/android_tools/android-ndk-r9d/toolchains/arm-linux-androideabi-4.6/prebuilt/darwin-x86_64/bin/arm-linux-androideabi-gcc --sysroot=/Users/gaoxiong/Documents/work/android_tools/android-ndk-r9d/platforms/android-9/arch-arm/ -o conftest -mfloat-abi=softfp -mfpu=neon -marm -march=armv7-a -mtune=cortex-a8 -mthumb -D__thumb__  -mfloat-abi=softfp -mfpu=neon -marm -march=armv7-a -mtune=cortex-a8 -mthumb -D__thumb__  -Wl,-rpath-link=/Users/gaoxiong/Documents/work/android_tools/android-ndk-r9d/platforms/android-9/arch-arm//usr/lib -L/Users/gaoxiong/Documents/work/android_tools/android-ndk-r9d/platforms/android-9/arch-arm//usr/lib  -nostdlib -lc -lm -ldl -llog conftest.c  >&5
/Users/gaoxiong/Documents/work/android_tools/android-ndk-r9d/toolchains/arm-linux-androideabi-4.6/prebuilt/darwin-x86_64/bin/../lib/gcc/arm-linux-androideabi/4.6/../../../../arm-linux-androideabi/bin/ld: /var/folders/zd/9hb0xrxn5rj1642v69hbjbsr0000gn/T//cczxlNyZ.o: in function main:conftest.c(.text+0x4): error: undefined reference to 'iconv_open'
collect2: ld returned 1 exit status
configure:12996: $? = 1
configure: failed program was:
| /* confdefs.h */
| #define PACKAGE_NAME "libass"
| #define PACKAGE_TARNAME "libass"
| #define PACKAGE_VERSION "0.10.0"
| #define PACKAGE_STRING "libass 0.10.0"
| #define PACKAGE_BUGREPORT ""
| #define PACKAGE_URL ""
| #define PACKAGE "libass"
| #define VERSION "0.10.0"
| #define STDC_HEADERS 1
| #define HAVE_SYS_TYPES_H 1
| #define HAVE_SYS_STAT_H 1
| #define HAVE_STDLIB_H 1
| #define HAVE_STRING_H 1
| #define HAVE_MEMORY_H 1
| #define HAVE_STRINGS_H 1
| #define HAVE_INTTYPES_H 1
| #define HAVE_STDINT_H 1
| #define HAVE_UNISTD_H 1
| #define HAVE_DLFCN_H 1
| #define LT_OBJDIR ".libs/"
| #define STDC_HEADERS 1
| #define HAVE__BOOL 1
| #define HAVE_STDBOOL_H 1
| #define HAVE_INTTYPES_H 1
| #define HAVE_STDINT_H 1
| #define HAVE_STDLIB_H 1
| #define HAVE_STRING_H 1
| #define HAVE_SYS_TIME_H 1
| #define HAVE_UNISTD_H 1
| #define HAVE_MKDIR 1
| #define HAVE_STRCASECMP 1
| #define HAVE_STRDUP 1
| #define HAVE_STRTOL 1
| /* end confdefs.h.  */
| 
| /* Override any GCC internal prototype to avoid an error.
|    Use char because int might match the return type of a GCC
|    builtin and then its argument prototype would still apply.  */
| #ifdef __cplusplus
| extern "C"
| #endif
| char iconv_open ();
| int
| main ()
| {
| return iconv_open ();
|   ;
|   return 0;
| }
configure:12996: /Users/gaoxiong/Documents/work/android_tools/android-ndk-r9d/toolchains/arm-linux-androideabi-4.6/prebuilt/darwin-x86_64/bin/arm-linux-androideabi-gcc --sysroot=/Users/gaoxiong/Documents/work/android_tools/android-ndk-r9d/platforms/android-9/arch-arm/ -o conftest -mfloat-abi=softfp -mfpu=neon -marm -march=armv7-a -mtune=cortex-a8 -mthumb -D__thumb__  -mfloat-abi=softfp -mfpu=neon -marm -march=armv7-a -mtune=cortex-a8 -mthumb -D__thumb__  -Wl,-rpath-link=/Users/gaoxiong/Documents/work/android_tools/android-ndk-r9d/platforms/android-9/arch-arm//usr/lib -L/Users/gaoxiong/Documents/work/android_tools/android-ndk-r9d/platforms/android-9/arch-arm//usr/lib  -nostdlib -lc -lm -ldl -llog conftest.c -liconv   >&5
/Users/gaoxiong/Documents/work/android_tools/android-ndk-r9d/toolchains/arm-linux-androideabi-4.6/prebuilt/darwin-x86_64/bin/../lib/gcc/arm-linux-androideabi/4.6/../../../../arm-linux-androideabi/bin/ld: error: cannot find -liconv
/Users/gaoxiong/Documents/work/android_tools/android-ndk-r9d/toolchains/arm-linux-androideabi-4.6/prebuilt/darwin-x86_64/bin/../lib/gcc/arm-linux-androideabi/4.6/../../../../arm-linux-androideabi/bin/ld: /var/folders/zd/9hb0xrxn5rj1642v69hbjbsr0000gn/T//cc9kFmWX.o: in function main:conftest.c(.text+0x4): error: undefined reference to 'iconv_open'
collect2: ld returned 1 exit status
configure:12996: $? = 1
configure: failed program was:
| /* confdefs.h */
| #define PACKAGE_NAME "libass"
| #define PACKAGE_TARNAME "libass"
| #define PACKAGE_VERSION "0.10.0"
| #define PACKAGE_STRING "libass 0.10.0"
| #define PACKAGE_BUGREPORT ""
| #define PACKAGE_URL ""
| #define PACKAGE "libass"
| #define VERSION "0.10.0"
| #define STDC_HEADERS 1
| #define HAVE_SYS_TYPES_H 1
| #define HAVE_SYS_STAT_H 1
| #define HAVE_STDLIB_H 1
| #define HAVE_STRING_H 1
| #define HAVE_MEMORY_H 1
| #define HAVE_STRINGS_H 1
| #define HAVE_INTTYPES_H 1
| #define HAVE_STDINT_H 1
| #define HAVE_UNISTD_H 1
| #define HAVE_DLFCN_H 1
| #define LT_OBJDIR ".libs/"
| #define STDC_HEADERS 1
| #define HAVE__BOOL 1
| #define HAVE_STDBOOL_H 1
| #define HAVE_INTTYPES_H 1
| #define HAVE_STDINT_H 1
| #define HAVE_STDLIB_H 1
| #define HAVE_STRING_H 1
| #define HAVE_SYS_TIME_H 1
| #define HAVE_UNISTD_H 1
| #define HAVE_MKDIR 1
| #define HAVE_STRCASECMP 1
| #define HAVE_STRDUP 1
| #define HAVE_STRTOL 1
| /* end confdefs.h.  */
| 
| /* Override any GCC internal prototype to avoid an error.
|    Use char because int might match the return type of a GCC
|    builtin and then its argument prototype would still apply.  */
| #ifdef __cplusplus
| extern "C"
| #endif
| char iconv_open ();
| int
| main ()
| {
| return iconv_open ();
|   ;
|   return 0;
| }
configure:13013: result: no
configure:13023: checking for fabs in -lm
configure:13048: /Users/gaoxiong/Documents/work/android_tools/android-ndk-r9d/toolchains/arm-linux-androideabi-4.6/prebuilt/darwin-x86_64/bin/arm-linux-androideabi-gcc --sysroot=/Users/gaoxiong/Documents/work/android_tools/android-ndk-r9d/platforms/android-9/arch-arm/ -o conftest -mfloat-abi=softfp -mfpu=neon -marm -march=armv7-a -mtune=cortex-a8 -mthumb -D__thumb__  -mfloat-abi=softfp -mfpu=neon -marm -march=armv7-a -mtune=cortex-a8 -mthumb -D__thumb__  -Wl,-rpath-link=/Users/gaoxiong/Documents/work/android_tools/android-ndk-r9d/platforms/android-9/arch-arm//usr/lib -L/Users/gaoxiong/Documents/work/android_tools/android-ndk-r9d/platforms/android-9/arch-arm//usr/lib  -nostdlib -lc -lm -ldl -llog conftest.c -lm   >&5
conftest.c:43:6: warning: conflicting types for built-in function 'fabs' [enabled by default]
configure:13048: $? = 0
configure:13057: result: yes
configure:13102: checking for arm-linux-pkg-config
configure:13135: result: no
configure:13145: checking for pkg-config
configure:13163: found /usr/local/bin/pkg-config
configure:13175: result: /usr/local/bin/pkg-config
configure:13187: WARNING: using cross tools not prefixed with host triplet
configure:13200: checking pkg-config is at least version 0.9.0
configure:13203: result: yes
configure:13213: checking for FREETYPE
configure:13220: $PKG_CONFIG --exists --print-errors "freetype2 >= 9.10.3"
configure:13223: $? = 0
configure:13237: $PKG_CONFIG --exists --print-errors "freetype2 >= 9.10.3"
configure:13240: $? = 0
configure:13298: result: yes
configure:13311: checking for FRIBIDI
configure:13318: $PKG_CONFIG --exists --print-errors "fribidi >= 0.19.0"
configure:13321: $? = 0
configure:13335: $PKG_CONFIG --exists --print-errors "fribidi >= 0.19.0"
configure:13338: $? = 0
configure:13396: result: yes
configure:13511: checking for HARFBUZZ
configure:13518: $PKG_CONFIG --exists --print-errors "harfbuzz >= 0.7.0"
Package harfbuzz was not found in the pkg-config search path.
Perhaps you should add the directory containing `harfbuzz.pc'
to the PKG_CONFIG_PATH environment variable
No package 'harfbuzz' found
configure:13521: $? = 1
configure:13535: $PKG_CONFIG --exists --print-errors "harfbuzz >= 0.7.0"
Package harfbuzz was not found in the pkg-config search path.
Perhaps you should add the directory containing `harfbuzz.pc'
to the PKG_CONFIG_PATH environment variable
No package 'harfbuzz' found
configure:13538: $? = 1
configure:13552: result: no
No package 'harfbuzz' found
configure:13592: checking for ENCA
configure:13599: $PKG_CONFIG --exists --print-errors "enca"
Package enca was not found in the pkg-config search path.
Perhaps you should add the directory containing `enca.pc'
to the PKG_CONFIG_PATH environment variable
No package 'enca' found
configure:13602: $? = 1
configure:13616: $PKG_CONFIG --exists --print-errors "enca"
Package enca was not found in the pkg-config search path.
Perhaps you should add the directory containing `enca.pc'
to the PKG_CONFIG_PATH environment variable
No package 'enca' found
configure:13619: $? = 1
configure:13633: result: no
No package 'enca' found
configure:13814: checking whether make supports nested variables
configure:13831: result: yes
configure:13954: checking that generated files are newer than configure
configure:13960: result: done
configure:13991: creating ./config.status

## ---------------------- ##
## Running config.status. ##
## ---------------------- ##

This file was extended by libass config.status 0.10.0, which was
generated by GNU Autoconf 2.69.  Invocation command line was

  CONFIG_FILES    = 
  CONFIG_HEADERS  = 
  CONFIG_LINKS    = 
  CONFIG_COMMANDS = 
  $ ./config.status 

on Gaos-MacBook-Pro.local

config.status:1133: creating Makefile
config.status:1133: creating libass/Makefile
config.status:1133: creating test/Makefile
config.status:1133: creating libass.pc
config.status:1133: creating config.h
config.status:1314: config.h is unchanged
config.status:1362: executing depfiles commands
config.status:1362: executing libtool commands
configure:16214: WARNING: unrecognized options: --enable-neon

## ---------------- ##
## Cache variables. ##
## ---------------- ##

ac_cv_build=x86_64-apple-darwin13.4.0
ac_cv_c_compiler_gnu=yes
ac_cv_c_const=yes
ac_cv_c_inline=inline
ac_cv_c_int64_t=yes
ac_cv_c_uint32_t=yes
ac_cv_c_uint8_t=yes
ac_cv_env_CC_set=set
ac_cv_env_CC_value='/Users/gaoxiong/Documents/work/android_tools/android-ndk-r9d/toolchains/arm-linux-androideabi-4.6/prebuilt/darwin-x86_64/bin/arm-linux-androideabi-gcc --sysroot=/Users/gaoxiong/Documents/work/android_tools/android-ndk-r9d/platforms/android-9/arch-arm/'
ac_cv_env_CFLAGS_set=set
ac_cv_env_CFLAGS_value='-mfloat-abi=softfp -mfpu=neon -marm -march=armv7-a -mtune=cortex-a8 -mthumb -D__thumb__ '
ac_cv_env_CPPFLAGS_set=set
ac_cv_env_CPPFLAGS_value='-mfloat-abi=softfp -mfpu=neon -marm -march=armv7-a -mtune=cortex-a8 -mthumb -D__thumb__ '
ac_cv_env_CPP_set=
ac_cv_env_CPP_value=
ac_cv_env_ENCA_CFLAGS_set=
ac_cv_env_ENCA_CFLAGS_value=
ac_cv_env_ENCA_LIBS_set=
ac_cv_env_ENCA_LIBS_value=
ac_cv_env_FONTCONFIG_CFLAGS_set=
ac_cv_env_FONTCONFIG_CFLAGS_value=
ac_cv_env_FONTCONFIG_LIBS_set=
ac_cv_env_FONTCONFIG_LIBS_value=
ac_cv_env_FREETYPE_CFLAGS_set=
ac_cv_env_FREETYPE_CFLAGS_value=
ac_cv_env_FREETYPE_LIBS_set=
ac_cv_env_FREETYPE_LIBS_value=
ac_cv_env_FRIBIDI_CFLAGS_set=
ac_cv_env_FRIBIDI_CFLAGS_value=
ac_cv_env_FRIBIDI_LIBS_set=
ac_cv_env_FRIBIDI_LIBS_value=
ac_cv_env_HARFBUZZ_CFLAGS_set=
ac_cv_env_HARFBUZZ_CFLAGS_value=
ac_cv_env_HARFBUZZ_LIBS_set=
ac_cv_env_HARFBUZZ_LIBS_value=
ac_cv_env_LDFLAGS_set=set
ac_cv_env_LDFLAGS_value='-Wl,-rpath-link=/Users/gaoxiong/Documents/work/android_tools/android-ndk-r9d/platforms/android-9/arch-arm//usr/lib -L/Users/gaoxiong/Documents/work/android_tools/android-ndk-r9d/platforms/android-9/arch-arm//usr/lib  -nostdlib -lc -lm -ldl -llog'
ac_cv_env_LIBPNG_CFLAGS_set=
ac_cv_env_LIBPNG_CFLAGS_value=
ac_cv_env_LIBPNG_LIBS_set=
ac_cv_env_LIBPNG_LIBS_value=
ac_cv_env_LIBS_set=
ac_cv_env_LIBS_value=
ac_cv_env_PKG_CONFIG_LIBDIR_set=set
ac_cv_env_PKG_CONFIG_LIBDIR_value=/Users/gaoxiong/Documents/work/android/AndroidFFmpeg2/library-jni/jni/libass/../ffmpeg-build/armeabi-v7a-neon/lib/pkgconfig/
ac_cv_env_PKG_CONFIG_PATH_set=set
ac_cv_env_PKG_CONFIG_PATH_value=/Users/gaoxiong/Documents/work/android/AndroidFFmpeg2/library-jni/jni/libass/../ffmpeg-build/armeabi-v7a-neon/lib/pkgconfig/
ac_cv_env_PKG_CONFIG_set=
ac_cv_env_PKG_CONFIG_value=
ac_cv_env_build_alias_set=
ac_cv_env_build_alias_value=
ac_cv_env_host_alias_set=set
ac_cv_env_host_alias_value=arm-linux
ac_cv_env_target_alias_set=
ac_cv_env_target_alias_value=
ac_cv_func_mkdir=yes
ac_cv_func_strcasecmp=yes
ac_cv_func_strdup=yes
ac_cv_func_strtol=yes
ac_cv_header_dlfcn_h=yes
ac_cv_header_iconv_h=no
ac_cv_header_inttypes_h=yes
ac_cv_header_memory_h=yes
ac_cv_header_stdbool_h=yes
ac_cv_header_stdc=yes
ac_cv_header_stdint_h=yes
ac_cv_header_stdlib_h=yes
ac_cv_header_string_h=yes
ac_cv_header_strings_h=yes
ac_cv_header_sys_stat_h=yes
ac_cv_header_sys_time_h=yes
ac_cv_header_sys_types_h=yes
ac_cv_header_unistd_h=yes
ac_cv_host=arm-unknown-linux-gnu
ac_cv_lib_m_fabs=yes
ac_cv_objext=o
ac_cv_path_EGREP='/usr/bin/grep -E'
ac_cv_path_FGREP='/usr/bin/grep -F'
ac_cv_path_GREP=/usr/bin/grep
ac_cv_path_SED=/usr/bin/sed
ac_cv_path_ac_pt_PKG_CONFIG=/usr/local/bin/pkg-config
ac_cv_path_install='/usr/bin/install -c'
ac_cv_prog_AR=/Users/gaoxiong/Documents/work/android_tools/android-ndk-r9d/toolchains/arm-linux-androideabi-4.6/prebuilt/darwin-x86_64/bin/arm-linux-androideabi-ar
ac_cv_prog_AWK=awk
ac_cv_prog_CC='/Users/gaoxiong/Documents/work/android_tools/android-ndk-r9d/toolchains/arm-linux-androideabi-4.6/prebuilt/darwin-x86_64/bin/arm-linux-androideabi-gcc --sysroot=/Users/gaoxiong/Documents/work/android_tools/android-ndk-r9d/platforms/android-9/arch-arm/'
ac_cv_prog_CPP='/Users/gaoxiong/Documents/work/android_tools/android-ndk-r9d/toolchains/arm-linux-androideabi-4.6/prebuilt/darwin-x86_64/bin/arm-linux-androideabi-gcc --sysroot=/Users/gaoxiong/Documents/work/android_tools/android-ndk-r9d/platforms/android-9/arch-arm/ -E'
ac_cv_prog_RANLIB=/Users/gaoxiong/Documents/work/android_tools/android-ndk-r9d/toolchains/arm-linux-androideabi-4.6/prebuilt/darwin-x86_64/bin/arm-linux-androideabi-ranlib
ac_cv_prog_STRIP=/Users/gaoxiong/Documents/work/android_tools/android-ndk-r9d/toolchains/arm-linux-androideabi-4.6/prebuilt/darwin-x86_64/bin/arm-linux-androideabi-strip
ac_cv_prog_cc_c89=
ac_cv_prog_cc_g=yes
ac_cv_prog_make_make_set=yes
ac_cv_search_iconv_open=no
ac_cv_type__Bool=yes
ac_cv_type_size_t=yes
am_cv_CC_dependencies_compiler_type=none
am_cv_make_support_nested_variables=yes
am_cv_prog_cc_c_o=yes
lt_cv_ar_at_file=@
lt_cv_deplibs_check_method=pass_all
lt_cv_file_magic_cmd='$MAGIC_CMD'
lt_cv_file_magic_test_file=
lt_cv_ld_reload_flag=-r
lt_cv_nm_interface='BSD nm'
lt_cv_objdir=.libs
lt_cv_path_LD=/Users/gaoxiong/Documents/work/android_tools/android-ndk-r9d/toolchains/arm-linux-androideabi-4.6/prebuilt/darwin-x86_64/arm-linux-androideabi/bin/ld
lt_cv_path_NM=/Users/gaoxiong/Documents/work/android_tools/android-ndk-r9d/toolchains/arm-linux-androideabi-4.6/prebuilt/darwin-x86_64/bin/arm-linux-androideabi-nm
lt_cv_path_mainfest_tool=no
lt_cv_prog_compiler_c_o=yes
lt_cv_prog_compiler_pic='-fPIC -DPIC'
lt_cv_prog_compiler_pic_works=yes
lt_cv_prog_compiler_rtti_exceptions=no
lt_cv_prog_compiler_static_works=no
lt_cv_prog_gnu_ld=yes
lt_cv_sharedlib_from_linklib_cmd='printf %s\n'
lt_cv_shlibpath_overrides_runpath=no
lt_cv_sys_global_symbol_pipe='sed -n -e '\''s/^.*[	 ]\([ABCDGIRSTW][ABCDGIRSTW]*\)[	 ][	 ]*\([_A-Za-z][_A-Za-z0-9]*\)$/\1 \2 \2/p'\'' | sed '\''/ __gnu_lto/d'\'''
lt_cv_sys_global_symbol_to_c_name_address='sed -n -e '\''s/^: \([^ ]*\)[ ]*$/  {\"\1\", (void *) 0},/p'\'' -e '\''s/^[ABCDGIRSTW]* \([^ ]*\) \([^ ]*\)$/  {"\2", (void *) \&\2},/p'\'''
lt_cv_sys_global_symbol_to_c_name_address_lib_prefix='sed -n -e '\''s/^: \([^ ]*\)[ ]*$/  {\"\1\", (void *) 0},/p'\'' -e '\''s/^[ABCDGIRSTW]* \([^ ]*\) \(lib[^ ]*\)$/  {"\2", (void *) \&\2},/p'\'' -e '\''s/^[ABCDGIRSTW]* \([^ ]*\) \([^ ]*\)$/  {"lib\2", (void *) \&\2},/p'\'''
lt_cv_sys_global_symbol_to_cdecl='sed -n -e '\''s/^T .* \(.*\)$/extern int \1();/p'\'' -e '\''s/^[ABCDGIRSTW]* .* \(.*\)$/extern char \1;/p'\'''
lt_cv_sys_max_cmd_len=196608
lt_cv_to_host_file_cmd=func_convert_file_noop
lt_cv_to_tool_file_cmd=func_convert_file_noop
pkg_cv_FREETYPE_CFLAGS='-I/Users/gaoxiong/Documents/work/android/AndroidFFmpeg2/library-jni/jni/freetype2/../ffmpeg-build/armeabi-v7a-neon/include/freetype2 -I/Users/gaoxiong/Documents/work/android/AndroidFFmpeg2/library-jni/jni/freetype2/../ffmpeg-build/armeabi-v7a-neon/include '
pkg_cv_FREETYPE_LIBS='-L/Users/gaoxiong/Documents/work/android/AndroidFFmpeg2/library-jni/jni/freetype2/../ffmpeg-build/armeabi-v7a-neon/lib -lfreetype '
pkg_cv_FRIBIDI_CFLAGS='-I/Users/gaoxiong/Documents/work/android/AndroidFFmpeg2/library-jni/jni/fribidi/../ffmpeg-build/armeabi-v7a-neon/include/fribidi '
pkg_cv_FRIBIDI_LIBS='-L/Users/gaoxiong/Documents/work/android/AndroidFFmpeg2/library-jni/jni/fribidi/../ffmpeg-build/armeabi-v7a-neon/lib -lfribidi '

## ----------------- ##
## Output variables. ##
## ----------------- ##

ACLOCAL='${SHELL} /Users/gaoxiong/Documents/work/android/AndroidFFmpeg2/library-jni/jni/libass/missing aclocal-1.14'
AMDEPBACKSLASH=''
AMDEP_FALSE=''
AMDEP_TRUE='#'
AMTAR='$${TAR-tar}'
AM_BACKSLASH='\'
AM_DEFAULT_V='$(AM_DEFAULT_VERBOSITY)'
AM_DEFAULT_VERBOSITY='0'
AM_V='$(V)'
AR='/Users/gaoxiong/Documents/work/android_tools/android-ndk-r9d/toolchains/arm-linux-androideabi-4.6/prebuilt/darwin-x86_64/bin/arm-linux-androideabi-ar'
AUTOCONF='${SHELL} /Users/gaoxiong/Documents/work/android/AndroidFFmpeg2/library-jni/jni/libass/missing autoconf'
AUTOHEADER='${SHELL} /Users/gaoxiong/Documents/work/android/AndroidFFmpeg2/library-jni/jni/libass/missing autoheader'
AUTOMAKE='${SHELL} /Users/gaoxiong/Documents/work/android/AndroidFFmpeg2/library-jni/jni/libass/missing automake-1.14'
AWK='awk'
CC='/Users/gaoxiong/Documents/work/android_tools/android-ndk-r9d/toolchains/arm-linux-androideabi-4.6/prebuilt/darwin-x86_64/bin/arm-linux-androideabi-gcc --sysroot=/Users/gaoxiong/Documents/work/android_tools/android-ndk-r9d/platforms/android-9/arch-arm/'
CCDEPMODE='depmode=none'
CFLAGS='-mfloat-abi=softfp -mfpu=neon -marm -march=armv7-a -mtune=cortex-a8 -mthumb -D__thumb__  -I/Users/gaoxiong/Documents/work/android/AndroidFFmpeg2/library-jni/jni/freetype2/../ffmpeg-build/armeabi-v7a-neon/include/freetype2 -I/Users/gaoxiong/Documents/work/android/AndroidFFmpeg2/library-jni/jni/freetype2/../ffmpeg-build/armeabi-v7a-neon/include  -I/Users/gaoxiong/Documents/work/android/AndroidFFmpeg2/library-jni/jni/fribidi/../ffmpeg-build/armeabi-v7a-neon/include/fribidi '
CPP='/Users/gaoxiong/Documents/work/android_tools/android-ndk-r9d/toolchains/arm-linux-androideabi-4.6/prebuilt/darwin-x86_64/bin/arm-linux-androideabi-gcc --sysroot=/Users/gaoxiong/Documents/work/android_tools/android-ndk-r9d/platforms/android-9/arch-arm/ -E'
CPPFLAGS='-mfloat-abi=softfp -mfpu=neon -marm -march=armv7-a -mtune=cortex-a8 -mthumb -D__thumb__ '
CYGPATH_W='echo'
DEFS='-DHAVE_CONFIG_H'
DEPDIR='.deps'
DLLTOOL='false'
DSYMUTIL=''
DUMPBIN=''
ECHO_C='\c'
ECHO_N=''
ECHO_T=''
EGREP='/usr/bin/grep -E'
ENCA_CFLAGS=''
ENCA_LIBS=''
EXEEXT=''
FGREP='/usr/bin/grep -F'
FONTCONFIG_CFLAGS=''
FONTCONFIG_LIBS=''
FREETYPE_CFLAGS='-I/Users/gaoxiong/Documents/work/android/AndroidFFmpeg2/library-jni/jni/freetype2/../ffmpeg-build/armeabi-v7a-neon/include/freetype2 -I/Users/gaoxiong/Documents/work/android/AndroidFFmpeg2/library-jni/jni/freetype2/../ffmpeg-build/armeabi-v7a-neon/include '
FREETYPE_LIBS='-L/Users/gaoxiong/Documents/work/android/AndroidFFmpeg2/library-jni/jni/freetype2/../ffmpeg-build/armeabi-v7a-neon/lib -lfreetype '
FRIBIDI_CFLAGS='-I/Users/gaoxiong/Documents/work/android/AndroidFFmpeg2/library-jni/jni/fribidi/../ffmpeg-build/armeabi-v7a-neon/include/fribidi '
FRIBIDI_LIBS='-L/Users/gaoxiong/Documents/work/android/AndroidFFmpeg2/library-jni/jni/fribidi/../ffmpeg-build/armeabi-v7a-neon/lib -lfribidi '
GREP='/usr/bin/grep'
HARFBUZZ_CFLAGS=''
HARFBUZZ_LIBS=''
HAVE_LIBPNG_FALSE=''
HAVE_LIBPNG_TRUE='#'
INSTALL_DATA='${INSTALL} -m 644'
INSTALL_PROGRAM='${INSTALL}'
INSTALL_SCRIPT='${INSTALL}'
INSTALL_STRIP_PROGRAM='$(install_sh) -c -s'
LD='/Users/gaoxiong/Documents/work/android_tools/android-ndk-r9d/toolchains/arm-linux-androideabi-4.6/prebuilt/darwin-x86_64/arm-linux-androideabi/bin/ld'
LDFLAGS='-Wl,-rpath-link=/Users/gaoxiong/Documents/work/android_tools/android-ndk-r9d/platforms/android-9/arch-arm//usr/lib -L/Users/gaoxiong/Documents/work/android_tools/android-ndk-r9d/platforms/android-9/arch-arm//usr/lib  -nostdlib -lc -lm -ldl -llog'
LIBOBJS=''
LIBPNG_CFLAGS=''
LIBPNG_LIBS=''
LIBS='-lm  -L/Users/gaoxiong/Documents/work/android/AndroidFFmpeg2/library-jni/jni/freetype2/../ffmpeg-build/armeabi-v7a-neon/lib -lfreetype  -L/Users/gaoxiong/Documents/work/android/AndroidFFmpeg2/library-jni/jni/fribidi/../ffmpeg-build/armeabi-v7a-neon/lib -lfribidi '
LIBTOOL='$(SHELL) $(top_builddir)/libtool'
LIPO=''
LN_S='ln -s'
LTLIBOBJS=''
MAKEINFO='${SHELL} /Users/gaoxiong/Documents/work/android/AndroidFFmpeg2/library-jni/jni/libass/missing makeinfo'
MANIFEST_TOOL=':'
MKDIR_P='./install-sh -c -d'
NM='/Users/gaoxiong/Documents/work/android_tools/android-ndk-r9d/toolchains/arm-linux-androideabi-4.6/prebuilt/darwin-x86_64/bin/arm-linux-androideabi-nm'
NMEDIT=''
OBJDUMP='false'
OBJEXT='o'
OTOOL64=''
OTOOL=''
PACKAGE='libass'
PACKAGE_BUGREPORT=''
PACKAGE_NAME='libass'
PACKAGE_STRING='libass 0.10.0'
PACKAGE_TARNAME='libass'
PACKAGE_URL=''
PACKAGE_VERSION='0.10.0'
PATH_SEPARATOR=':'
PKG_CONFIG='/usr/local/bin/pkg-config'
PKG_CONFIG_LIBDIR='/Users/gaoxiong/Documents/work/android/AndroidFFmpeg2/library-jni/jni/libass/../ffmpeg-build/armeabi-v7a-neon/lib/pkgconfig/'
PKG_CONFIG_PATH='/Users/gaoxiong/Documents/work/android/AndroidFFmpeg2/library-jni/jni/libass/../ffmpeg-build/armeabi-v7a-neon/lib/pkgconfig/'
PKG_LIBS_DEFAULT='-lm'
PKG_LIBS_PRIVATE=''
PKG_REQUIRES_DEFAULT='fribidi >= 0.19.0, freetype2 >= 9.6.3'
PKG_REQUIRES_PRIVATE=''
RANLIB='/Users/gaoxiong/Documents/work/android_tools/android-ndk-r9d/toolchains/arm-linux-androideabi-4.6/prebuilt/darwin-x86_64/bin/arm-linux-androideabi-ranlib'
SED='/usr/bin/sed'
SET_MAKE=''
SHELL='/bin/sh'
STRIP='/Users/gaoxiong/Documents/work/android_tools/android-ndk-r9d/toolchains/arm-linux-androideabi-4.6/prebuilt/darwin-x86_64/bin/arm-linux-androideabi-strip'
VERSION='0.10.0'
ac_ct_AR=''
ac_ct_CC=''
ac_ct_DUMPBIN=''
am__EXEEXT_FALSE=''
am__EXEEXT_TRUE='#'
am__fastdepCC_FALSE=''
am__fastdepCC_TRUE='#'
am__include='include'
am__isrc=''
am__leading_dot='.'
am__nodep=''
am__quote=''
am__tar='$${TAR-tar} chof - "$$tardir"'
am__untar='$${TAR-tar} xf -'
bindir='${exec_prefix}/bin'
build='x86_64-apple-darwin13.4.0'
build_alias=''
build_cpu='x86_64'
build_os='darwin13.4.0'
build_vendor='apple'
datadir='${datarootdir}'
datarootdir='${prefix}/share'
docdir='${datarootdir}/doc/${PACKAGE_TARNAME}'
dvidir='${docdir}'
exec_prefix='${prefix}'
host='arm-unknown-linux-gnu'
host_alias='arm-linux'
host_cpu='arm'
host_os='linux-gnu'
host_vendor='unknown'
htmldir='${docdir}'
includedir='${prefix}/include'
infodir='${datarootdir}/info'
install_sh='${SHELL} /Users/gaoxiong/Documents/work/android/AndroidFFmpeg2/library-jni/jni/libass/install-sh'
libdir='${exec_prefix}/lib'
libexecdir='${exec_prefix}/libexec'
localedir='${datarootdir}/locale'
localstatedir='${prefix}/var'
mandir='${datarootdir}/man'
mkdir_p='$(MKDIR_P)'
oldincludedir='/usr/include'
pdfdir='${docdir}'
prefix='/Users/gaoxiong/Documents/work/android/AndroidFFmpeg2/library-jni/jni/libass/../ffmpeg-build/armeabi-v7a-neon'
program_transform_name='s,x,x,'
psdir='${docdir}'
sbindir='${exec_prefix}/sbin'
sharedstatedir='${prefix}/com'
sysconfdir='${prefix}/etc'
target_alias=''

## ----------- ##
## confdefs.h. ##
## ----------- ##

/* confdefs.h */
#define PACKAGE_NAME "libass"
#define PACKAGE_TARNAME "libass"
#define PACKAGE_VERSION "0.10.0"
#define PACKAGE_STRING "libass 0.10.0"
#define PACKAGE_BUGREPORT ""
#define PACKAGE_URL ""
#define PACKAGE "libass"
#define VERSION "0.10.0"
#define STDC_HEADERS 1
#define HAVE_SYS_TYPES_H 1
#define HAVE_SYS_STAT_H 1
#define HAVE_STDLIB_H 1
#define HAVE_STRING_H 1
#define HAVE_MEMORY_H 1
#define HAVE_STRINGS_H 1
#define HAVE_INTTYPES_H 1
#define HAVE_STDINT_H 1
#define HAVE_UNISTD_H 1
#define HAVE_DLFCN_H 1
#define LT_OBJDIR ".libs/"
#define STDC_HEADERS 1
#define HAVE__BOOL 1
#define HAVE_STDBOOL_H 1
#define HAVE_INTTYPES_H 1
#define HAVE_STDINT_H 1
#define HAVE_STDLIB_H 1
#define HAVE_STRING_H 1
#define HAVE_SYS_TIME_H 1
#define HAVE_UNISTD_H 1
#define HAVE_MKDIR 1
#define HAVE_STRCASECMP 1
#define HAVE_STRDUP 1
#define HAVE_STRTOL 1
#define HAVE_LIBM 1
#define CONFIG_FREETYPE 1
#define CONFIG_FRIBIDI 1

configure: exit 0
